#
# A fatal error has been detected by the Java Runtime Environment:
#
#  EXCEPTION_ACCESS_VIOLATION (0xc0000005) at pc=0x00007ffc58d4402b, pid=11412, tid=344
#
# JRE version: OpenJDK Runtime Environment AdoptOpenJDK (15.0.2+7) (build 15.0.2+7)
# Java VM: OpenJDK 64-Bit Server VM AdoptOpenJDK (15.0.2+7, mixed mode, sharing, tiered, compressed oops, g1 gc, windows-amd64)
# Problematic frame:
# C  [ig9icd64.dll+0x6e402b]
#
# No core dump will be written. Minidumps are not enabled by default on client versions of Windows
#
# If you would like to submit a bug report, please visit:
#   https://github.com/AdoptOpenJDK/openjdk-support/issues
# The crash happened outside the Java Virtual Machine in native code.
# See problematic frame for where to report the bug.
#

---------------  S U M M A R Y ------------

Command Line: -agentlib:jdwp=transport=dt_socket,server=n,suspend=y,address=localhost:49923 -XX:+ShowCodeDetailsInExceptionMessages -Dfile.encoding=UTF-8 Main

Host: Intel(R) Core(TM) i7-8700T CPU @ 2.40GHz, 12 cores, 15G,  Windows 10 , 64 bit Build 22621 (10.0.22621.4974)
Time: Thu May 22 11:12:32 2025 Eastern Daylight Time elapsed time: 1634.943619 seconds (0d 0h 27m 14s)

---------------  T H R E A D  ---------------

Current thread (0x000002ba0b1ae6c0):  JavaThread "Java2D Queue Flusher" daemon [_thread_in_native, id=344, stack(0x000000cfdeb00000,0x000000cfdec00000)]

Stack: [0x000000cfdeb00000,0x000000cfdec00000],  sp=0x000000cfdebfdd80,  free space=1015k
Native frames: (J=compiled Java code, j=interpreted, Vv=VM code, C=native code)
C  [ig9icd64.dll+0x6e402b]

Java frames: (J=compiled Java code, j=interpreted, Vv=VM code)
J 1141  sun.java2d.opengl.OGLRenderQueue.flushBuffer(JI)V java.desktop@15.0.2 (0 bytes) @ 0x000002ba762a1aeb [0x000002ba762a1aa0+0x000000000000004b]
J 2866% c2 sun.java2d.opengl.OGLRenderQueue$QueueFlusher.run()V java.desktop@15.0.2 (234 bytes) @ 0x000002ba7649cc18 [0x000002ba7649caa0+0x0000000000000178]
j  java.lang.Thread.run()V+11 java.base@15.0.2
v  ~StubRoutines::call_stub

siginfo: EXCEPTION_ACCESS_VIOLATION (0xc0000005), reading address 0x0000000000000150


Register to memory mapping:

RIP=0x00007ffc58d4402b ig9icd64.dll
RAX=0x0000000000000150 is an unknown value
RBX=0x0 is NULL
RCX=0x0000000000000001 is an unknown value
RDX=0x0 is NULL
RSP=0x000000cfdebfdd80 is pointing into the stack for thread: 0x000002ba0b1ae6c0
RBP=0x000000cfdebfde80 is pointing into the stack for thread: 0x000002ba0b1ae6c0
RSI=0x000002ba0bdf6e40 points into unknown readable memory: 0x000002ba0ba5fe00 | 00 fe a5 0b ba 02 00 00
RDI=0x0 is NULL
R8 =0x000000cfdebfddf4 is pointing into the stack for thread: 0x000002ba0b1ae6c0
R9 =0x000000000000000e is an unknown value
R10=0x0000000000000018 is an unknown value
R11=0x000000cfdebfeb50 is pointing into the stack for thread: 0x000002ba0b1ae6c0
R12=0x0000000000000001 is an unknown value
R13=0x000002ba0be2b9c0 points into unknown readable memory: 0x000002ba0b41d420 | 20 d4 41 0b ba 02 00 00
R14=0x0 is NULL
R15=0x000002ba0be30500 points into unknown readable memory: 0x0000000300000001 | 01 00 00 00 03 00 00 00


Registers:
RAX=0x0000000000000150, RBX=0x0000000000000000, RCX=0x0000000000000001, RDX=0x0000000000000000
RSP=0x000000cfdebfdd80, RBP=0x000000cfdebfde80, RSI=0x000002ba0bdf6e40, RDI=0x0000000000000000
R8 =0x000000cfdebfddf4, R9 =0x000000000000000e, R10=0x0000000000000018, R11=0x000000cfdebfeb50
R12=0x0000000000000001, R13=0x000002ba0be2b9c0, R14=0x0000000000000000, R15=0x000002ba0be30500
RIP=0x00007ffc58d4402b, EFLAGS=0x0000000000010206

Top of Stack: (sp=0x000000cfdebfdd80)
0x000000cfdebfdd80:   000000cfdebfe9b0 000000cfdebfde80
0x000000cfdebfdd90:   000002ba0bdf6e40 0000000000000000
0x000000cfdebfdda0:   0000000000000000 0000000000000000
0x000000cfdebfddb0:   000002ba0000001d 000002ba0bdf6e40
0x000000cfdebfddc0:   0000000000000000 0000000000000000
0x000000cfdebfddd0:   0000000100000002 0000000300000000
0x000000cfdebfdde0:   0000000000000004 0000794ac2bf3e52
0x000000cfdebfddf0:   0000020000000000 00007ffc0000001d
0x000000cfdebfde00:   000002ba122d7d00 0000000000000000
0x000000cfdebfde10:   0000000000000000 000000cfdebfe040
0x000000cfdebfde20:   0000000000000000 000002ba0be30500
0x000000cfdebfde30:   000000cfdebfe9b0 0000000000000000
0x000000cfdebfde40:   0000000000000000 0000000000000000
0x000000cfdebfde50:   0000020000000000 000002ba17253000
0x000000cfdebfde60:   0000000000000000 0000000000000000
0x000000cfdebfde70:   0000000000000000 000002ba12f37820 

Instructions: (pc=0x00007ffc58d4402b)
0x00007ffc58d43f2b:   8b 55 90 48 8b 82 a0 05 00 00 48 85 c0 74 1f 66
0x00007ffc58d43f3b:   0f 1f 44 00 00 39 08 74 0b 48 8b 40 50 48 85 c0
0x00007ffc58d43f4b:   75 f3 eb 0a 48 83 c0 08 eb 1e 48 8b 55 90 80 ba
0x00007ffc58d43f5b:   a8 05 00 00 00 74 1b 8b c1 83 e0 0f 48 8d 04 c0
0x00007ffc58d43f6b:   48 8d 40 21 48 8d 04 c2 48 85 c0 74 05 48 8b 08
0x00007ffc58d43f7b:   eb 03 48 8b cf 49 8b 45 30 48 3b 88 48 01 00 00
0x00007ffc58d43f8b:   0f 87 b3 00 00 00 4c 8d be c0 96 03 00 4c 89 7d
0x00007ffc58d43f9b:   a8 41 8b 0f 83 f9 10 73 11 48 8d 04 cd 21 00 00
0x00007ffc58d43fab:   00 48 8b 55 88 48 03 c1 eb 6d 8d 51 f0 8b c2 c1
0x00007ffc58d43fbb:   e8 04 83 f8 03 73 21 0f ae e8 83 e2 0f 4c 8b 45
0x00007ffc58d43fcb:   88 4d 8b 84 c0 88 05 00 00 4d 85 c0 74 2f 48 8d
0x00007ffc58d43fdb:   0c d2 49 8d 04 c8 eb 43 48 8b 55 88 48 8b 82 a0
0x00007ffc58d43feb:   05 00 00 48 85 c0 74 19 39 08 74 0b 48 8b 40 50
0x00007ffc58d43ffb:   48 85 c0 75 f3 eb 0a 48 83 c0 08 eb 1e 48 8b 55
0x00007ffc58d4400b:   88 80 ba a8 05 00 00 00 74 1b 8b c1 83 e0 0f 48
0x00007ffc58d4401b:   8d 04 c0 48 8d 40 21 48 8d 04 c2 48 85 c0 74 05
0x00007ffc58d4402b:   48 8b 08 eb 03 48 8b cf 49 8b 45 30 48 3b 88 48
0x00007ffc58d4403b:   01 00 00 0f 86 94 01 00 00 4c 89 7d a8 65 48 8b
0x00007ffc58d4404b:   14 25 58 00 00 00 4a 8b 04 ca 41 8b 0c 02 39 0d
0x00007ffc58d4405b:   81 e9 8f 00 0f 8e b6 00 00 00 48 8d 0d 74 e9 8f
0x00007ffc58d4406b:   00 e8 37 b2 e8 ff 83 3d 68 e9 8f 00 ff 0f 85 9d
0x00007ffc58d4407b:   00 00 00 48 89 bd 18 03 00 00 c7 85 1c 03 00 00
0x00007ffc58d4408b:   00 04 00 00 48 89 bd 00 03 00 00 c7 85 04 03 00
0x00007ffc58d4409b:   00 04 00 00 00 48 89 bd 88 05 00 00 c7 85 8c 05
0x00007ffc58d440ab:   00 00 08 00 00 00 48 89 bd 70 05 00 00 c7 85 74
0x00007ffc58d440bb:   05 00 00 10 00 00 00 48 89 bd 58 05 00 00 c7 85
0x00007ffc58d440cb:   5c 05 00 00 00 00 10 00 48 8b 85 58 05 00 00 48
0x00007ffc58d440db:   0b 85 70 05 00 00 48 0b 85 88 05 00 00 48 0b 85
0x00007ffc58d440eb:   00 03 00 00 48 0b 85 18 03 00 00 48 c7 05 ef e8
0x00007ffc58d440fb:   8f 00 00 00 00 00 48 89 3d f0 e8 8f 00 48 89 05
0x00007ffc58d4410b:   d9 e8 8f 00 48 8d 0d ca e8 8f 00 e8 21 b1 e8 ff
0x00007ffc58d4411b:   4d 8b 8d a8 3f 00 00 41 80 39 00 74 18 48 8b 05 


Stack slot to memory mapping:
stack at sp + 0 slots: 0x000000cfdebfe9b0 is pointing into the stack for thread: 0x000002ba0b1ae6c0
stack at sp + 1 slots: 0x000000cfdebfde80 is pointing into the stack for thread: 0x000002ba0b1ae6c0
stack at sp + 2 slots: 0x000002ba0bdf6e40 points into unknown readable memory: 0x000002ba0ba5fe00 | 00 fe a5 0b ba 02 00 00
stack at sp + 3 slots: 0x0 is NULL
stack at sp + 4 slots: 0x0 is NULL
stack at sp + 5 slots: 0x0 is NULL
stack at sp + 6 slots: 0x000002ba0000001d points into unknown readable memory: 00 00 00
stack at sp + 7 slots: 0x000002ba0bdf6e40 points into unknown readable memory: 0x000002ba0ba5fe00 | 00 fe a5 0b ba 02 00 00


---------------  P R O C E S S  ---------------

Threads class SMR info:
_java_thread_list=0x000002ba0c1885c0, length=24, elements={
0x000002ba0b029ab0, 0x000002ba0a81a6d0, 0x000002ba0b0408c0, 0x000002ba0b043380,
0x000002ba0b048650, 0x000002ba0b04a100, 0x000002ba0b04f0c0, 0x000002ba0b051ad0,
0x000002ba0b1aecc0, 0x000002ba0b1af780, 0x000002ba0b1afc70, 0x000002ba0b1ae1f0,
0x000002ba0b1ac040, 0x000002ba0b1aceb0, 0x000002ba0b1aad00, 0x000002ba0b1ad850,
0x000002ba0b1add20, 0x000002ba0b1ad380, 0x000002ba0b1ae6c0, 0x000002ba0b1abb70,
0x000002ba0b1ac510, 0x000002ba0b3af7d0, 0x000002ba0b3b27f0, 0x000002ba0b3b2320
}

Java Threads: ( => current thread )
  0x000002ba0b029ab0 JavaThread "Reference Handler" daemon [_thread_blocked, id=7372, stack(0x000000cfdd900000,0x000000cfdda00000)]
  0x000002ba0a81a6d0 JavaThread "Finalizer" daemon [_thread_blocked, id=15632, stack(0x000000cfdda00000,0x000000cfddb00000)]
  0x000002ba0b0408c0 JavaThread "Signal Dispatcher" daemon [_thread_blocked, id=9008, stack(0x000000cfddb00000,0x000000cfddc00000)]
  0x000002ba0b043380 JavaThread "Attach Listener" daemon [_thread_blocked, id=14588, stack(0x000000cfddc00000,0x000000cfddd00000)]
  0x000002ba0b048650 JavaThread "Service Thread" daemon [_thread_blocked, id=11996, stack(0x000000cfddd00000,0x000000cfdde00000)]
  0x000002ba0b04a100 JavaThread "C2 CompilerThread0" daemon [_thread_blocked, id=11108, stack(0x000000cfdde00000,0x000000cfddf00000)]
  0x000002ba0b04f0c0 JavaThread "C1 CompilerThread0" daemon [_thread_blocked, id=1428, stack(0x000000cfddf00000,0x000000cfde000000)]
  0x000002ba0b051ad0 JavaThread "Sweeper thread" daemon [_thread_blocked, id=12616, stack(0x000000cfde000000,0x000000cfde100000)]
  0x000002ba0b1aecc0 JavaThread "JDWP Transport Listener: dt_socket" daemon [_thread_blocked, id=2296, stack(0x000000cfde100000,0x000000cfde200000)]
  0x000002ba0b1af780 JavaThread "JDWP Event Helper Thread" daemon [_thread_blocked, id=12080, stack(0x000000cfde200000,0x000000cfde300000)]
  0x000002ba0b1afc70 JavaThread "JDWP Command Reader" daemon [_thread_in_native, id=2236, stack(0x000000cfde300000,0x000000cfde400000)]
  0x000002ba0b1ae1f0 JavaThread "Notification Thread" daemon [_thread_blocked, id=9724, stack(0x000000cfde400000,0x000000cfde500000)]
  0x000002ba0b1ac040 JavaThread "Common-Cleaner" daemon [_thread_blocked, id=6912, stack(0x000000cfde600000,0x000000cfde700000)]
  0x000002ba0b1aceb0 JavaThread "Java2D Disposer" daemon [_thread_blocked, id=11588, stack(0x000000cfde700000,0x000000cfde800000)]
  0x000002ba0b1aad00 JavaThread "AWT-Shutdown" [_thread_blocked, id=6772, stack(0x000000cfde800000,0x000000cfde900000)]
  0x000002ba0b1ad850 JavaThread "AWT-Windows" daemon [_thread_in_native, id=18396, stack(0x000000cfde900000,0x000000cfdea00000)]
  0x000002ba0b1add20 JavaThread "AWT-EventQueue-0" [_thread_blocked, id=9020, stack(0x000000cfdea00000,0x000000cfdeb00000)]
  0x000002ba0b1ad380 JavaThread "DestroyJavaVM" [_thread_blocked, id=12604, stack(0x000000cfdd200000,0x000000cfdd300000)]
=>0x000002ba0b1ae6c0 JavaThread "Java2D Queue Flusher" daemon [_thread_in_native, id=344, stack(0x000000cfdeb00000,0x000000cfdec00000)]
  0x000002ba0b1abb70 JavaThread "Thread-0" [_thread_blocked, id=9844, stack(0x000000cfdf600000,0x000000cfdf700000)]
  0x000002ba0b1ac510 JavaThread "Thread-1" [_thread_blocked, id=4560, stack(0x000000cfdf700000,0x000000cfdf800000)]
  0x000002ba0b3af7d0 JavaThread "Java Sound Event Dispatcher" daemon [_thread_blocked, id=12300, stack(0x000000cfdf900000,0x000000cfdfa00000)]
  0x000002ba0b3b27f0 JavaThread "SIGINT handler" daemon [_thread_blocked, id=13692, stack(0x000000cfdd000000,0x000000cfdd100000)]
  0x000002ba0b3b2320 JavaThread "ToolkitShutdown" daemon [_thread_in_native, id=19688, stack(0x000000cfdd100000,0x000000cfdd200000)]

Other Threads:
  0x000002ba0b028230 VMThread "VM Thread" [stack: 0x000000cfdd800000,0x000000cfdd900000] [id=15736]
  0x000002ba0b1bfa30 WatcherThread [stack: 0x000000cfde500000,0x000000cfde600000] [id=13728]
  0x000002ba64af25d0 GCTaskThread "GC Thread#0" [stack: 0x000000cfdd300000,0x000000cfdd400000] [id=11988]
  0x000002ba0b41c430 GCTaskThread "GC Thread#1" [stack: 0x000000cfdf100000,0x000000cfdf200000] [id=4040]
  0x000002ba0b41cdc0 GCTaskThread "GC Thread#2" [stack: 0x000000cfdf200000,0x000000cfdf300000] [id=15032]
  0x000002ba0b41b110 GCTaskThread "GC Thread#3" [stack: 0x000000cfdf300000,0x000000cfdf400000] [id=3844]
  0x000002ba0b41ade0 GCTaskThread "GC Thread#4" [stack: 0x000000cfdf400000,0x000000cfdf500000] [id=9668]
  0x000002ba0b41b770 GCTaskThread "GC Thread#5" [stack: 0x000000cfdf500000,0x000000cfdf600000] [id=15564]
  0x000002ba0b41d750 GCTaskThread "GC Thread#6" [stack: 0x000000cfe0500000,0x000000cfe0600000] [id=13032]
  0x000002ba0b41ca90 GCTaskThread "GC Thread#7" [stack: 0x000000cfe0800000,0x000000cfe0900000] [id=11676]
  0x000002ba0b419df0 GCTaskThread "GC Thread#8" [stack: 0x000000cfe0900000,0x000000cfe0a00000] [id=7700]
  0x000002ba0b41a120 GCTaskThread "GC Thread#9" [stack: 0x000000cfe0a00000,0x000000cfe0b00000] [id=15412]
  0x000002ba64b035e0 ConcurrentGCThread "G1 Main Marker" [stack: 0x000000cfdd400000,0x000000cfdd500000] [id=15308]
  0x000002ba64b05aa0 ConcurrentGCThread "G1 Conc#0" [stack: 0x000000cfdd500000,0x000000cfdd600000] [id=9520]
  0x000002ba0a6a20d0 ConcurrentGCThread "G1 Refine#0" [stack: 0x000000cfdd600000,0x000000cfdd700000] [id=7412]
  0x000002ba0a6a2c60 ConcurrentGCThread "G1 Young RemSet Sampling" [stack: 0x000000cfdd700000,0x000000cfdd800000] [id=16868]

Threads with active compile tasks:

VM state: not at safepoint (normal execution)

VM Mutex/Monitor currently owned by a thread: None

Heap address: 0x0000000702c00000, size: 4052 MB, Compressed Oops mode: Zero based, Oop shift amount: 3
CDS archive(s) mapped at: [0x0000000800000000-0x0000000800b50000-0x0000000800b50000), size 11862016, SharedBaseAddress: 0x0000000800000000, ArchiveRelocationMode: 0.
Compressed class space mapped at: 0x0000000800b50000-0x0000000840b50000, size: 1073741824
Narrow klass base: 0x0000000800000000, Narrow klass shift: 3, Narrow klass range: 0x100000000

GC Precious Log:
 CPUs: 12 total, 12 available
 Memory: 16207M
 Large Page Support: Disabled
 NUMA Support: Disabled
 Compressed Oops: Enabled (Zero based)
 Heap Region Size: 2M
 Heap Min Capacity: 8M
 Heap Initial Capacity: 254M
 Heap Max Capacity: 4052M
 Pre-touch: Disabled
 Parallel Workers: 10
 Concurrent Workers: 3
 Concurrent Refinement Workers: 10
 Periodic GC: Disabled

Heap:
 garbage-first heap   total 260096K, used 20881K [0x0000000702c00000, 0x0000000800000000)
  region size 2048K, 7 young (14336K), 1 survivors (2048K)
 Metaspace       used 10085K, capacity 10283K, committed 10496K, reserved 1058816K
  class space    used 954K, capacity 1001K, committed 1024K, reserved 1048576K

Heap Regions: E=young(eden), S=young(survivor), O=old, HS=humongous(starts), HC=humongous(continues), CS=collection set, F=free, OA=open archive, CA=closed archive, TAMS=top-at-mark-start (previous, next)
|   0|0x0000000702c00000, 0x0000000702e00000, 0x0000000702e00000|100%| O|  |TAMS 0x0000000702c00000, 0x0000000702c00000| Untracked 
|   1|0x0000000702e00000, 0x0000000703000000, 0x0000000703000000|100%| O|  |TAMS 0x0000000702e00000, 0x0000000702e00000| Untracked 
|   2|0x0000000703000000, 0x0000000703200000, 0x0000000703200000|100%| O|  |TAMS 0x0000000703000000, 0x0000000703000000| Untracked 
|   3|0x0000000703200000, 0x000000070325ea00, 0x0000000703400000| 18%| O|  |TAMS 0x0000000703200000, 0x0000000703200000| Untracked 
|   4|0x0000000703400000, 0x0000000703400000, 0x0000000703600000|  0%| F|  |TAMS 0x0000000703400000, 0x0000000703400000| Untracked 
|   5|0x0000000703600000, 0x0000000703600000, 0x0000000703800000|  0%| F|  |TAMS 0x0000000703600000, 0x0000000703600000| Untracked 
|   6|0x0000000703800000, 0x0000000703a00000, 0x0000000703a00000|100%| O|  |TAMS 0x0000000703800000, 0x0000000703800000| Untracked 
|   7|0x0000000703a00000, 0x0000000703c00000, 0x0000000703c00000|100%| O|  |TAMS 0x0000000703a00000, 0x0000000703a00000| Untracked 
|   8|0x0000000703c00000, 0x0000000703c00000, 0x0000000703e00000|  0%| F|  |TAMS 0x0000000703c00000, 0x0000000703c00000| Untracked 
|   9|0x0000000703e00000, 0x0000000703e00000, 0x0000000704000000|  0%| F|  |TAMS 0x0000000703e00000, 0x0000000703e00000| Untracked 
|  10|0x0000000704000000, 0x0000000704000000, 0x0000000704200000|  0%| F|  |TAMS 0x0000000704000000, 0x0000000704000000| Untracked 
|  11|0x0000000704200000, 0x0000000704200000, 0x0000000704400000|  0%| F|  |TAMS 0x0000000704200000, 0x0000000704200000| Untracked 
|  12|0x0000000704400000, 0x0000000704400000, 0x0000000704600000|  0%| F|  |TAMS 0x0000000704400000, 0x0000000704400000| Untracked 
|  13|0x0000000704600000, 0x0000000704600000, 0x0000000704800000|  0%| F|  |TAMS 0x0000000704600000, 0x0000000704600000| Untracked 
|  14|0x0000000704800000, 0x0000000704800000, 0x0000000704a00000|  0%| F|  |TAMS 0x0000000704800000, 0x0000000704800000| Untracked 
|  15|0x0000000704a00000, 0x0000000704a00000, 0x0000000704c00000|  0%| F|  |TAMS 0x0000000704a00000, 0x0000000704a00000| Untracked 
|  16|0x0000000704c00000, 0x0000000704c00000, 0x0000000704e00000|  0%| F|  |TAMS 0x0000000704c00000, 0x0000000704c00000| Untracked 
|  17|0x0000000704e00000, 0x0000000704e00000, 0x0000000705000000|  0%| F|  |TAMS 0x0000000704e00000, 0x0000000704e00000| Untracked 
|  18|0x0000000705000000, 0x0000000705000000, 0x0000000705200000|  0%| F|  |TAMS 0x0000000705000000, 0x0000000705000000| Untracked 
|  19|0x0000000705200000, 0x0000000705200000, 0x0000000705400000|  0%| F|  |TAMS 0x0000000705200000, 0x0000000705200000| Untracked 
|  20|0x0000000705400000, 0x0000000705400000, 0x0000000705600000|  0%| F|  |TAMS 0x0000000705400000, 0x0000000705400000| Untracked 
|  21|0x0000000705600000, 0x0000000705600000, 0x0000000705800000|  0%| F|  |TAMS 0x0000000705600000, 0x0000000705600000| Untracked 
|  22|0x0000000705800000, 0x0000000705800000, 0x0000000705a00000|  0%| F|  |TAMS 0x0000000705800000, 0x0000000705800000| Untracked 
|  23|0x0000000705a00000, 0x0000000705a00000, 0x0000000705c00000|  0%| F|  |TAMS 0x0000000705a00000, 0x0000000705a00000| Untracked 
|  24|0x0000000705c00000, 0x0000000705c00000, 0x0000000705e00000|  0%| F|  |TAMS 0x0000000705c00000, 0x0000000705c00000| Untracked 
|  25|0x0000000705e00000, 0x0000000705e00000, 0x0000000706000000|  0%| F|  |TAMS 0x0000000705e00000, 0x0000000705e00000| Untracked 
|  26|0x0000000706000000, 0x0000000706000000, 0x0000000706200000|  0%| F|  |TAMS 0x0000000706000000, 0x0000000706000000| Untracked 
|  27|0x0000000706200000, 0x0000000706200000, 0x0000000706400000|  0%| F|  |TAMS 0x0000000706200000, 0x0000000706200000| Untracked 
|  28|0x0000000706400000, 0x0000000706400000, 0x0000000706600000|  0%| F|  |TAMS 0x0000000706400000, 0x0000000706400000| Untracked 
|  29|0x0000000706600000, 0x0000000706600000, 0x0000000706800000|  0%| F|  |TAMS 0x0000000706600000, 0x0000000706600000| Untracked 
|  30|0x0000000706800000, 0x0000000706800000, 0x0000000706a00000|  0%| F|  |TAMS 0x0000000706800000, 0x0000000706800000| Untracked 
|  31|0x0000000706a00000, 0x0000000706a00000, 0x0000000706c00000|  0%| F|  |TAMS 0x0000000706a00000, 0x0000000706a00000| Untracked 
|  32|0x0000000706c00000, 0x0000000706c00000, 0x0000000706e00000|  0%| F|  |TAMS 0x0000000706c00000, 0x0000000706c00000| Untracked 
|  33|0x0000000706e00000, 0x0000000706e00000, 0x0000000707000000|  0%| F|  |TAMS 0x0000000706e00000, 0x0000000706e00000| Untracked 
|  34|0x0000000707000000, 0x0000000707000000, 0x0000000707200000|  0%| F|  |TAMS 0x0000000707000000, 0x0000000707000000| Untracked 
|  35|0x0000000707200000, 0x0000000707200000, 0x0000000707400000|  0%| F|  |TAMS 0x0000000707200000, 0x0000000707200000| Untracked 
|  36|0x0000000707400000, 0x0000000707400000, 0x0000000707600000|  0%| F|  |TAMS 0x0000000707400000, 0x0000000707400000| Untracked 
|  37|0x0000000707600000, 0x0000000707600000, 0x0000000707800000|  0%| F|  |TAMS 0x0000000707600000, 0x0000000707600000| Untracked 
|  38|0x0000000707800000, 0x0000000707800000, 0x0000000707a00000|  0%| F|  |TAMS 0x0000000707800000, 0x0000000707800000| Untracked 
|  39|0x0000000707a00000, 0x0000000707a00000, 0x0000000707c00000|  0%| F|  |TAMS 0x0000000707a00000, 0x0000000707a00000| Untracked 
|  40|0x0000000707c00000, 0x0000000707c00000, 0x0000000707e00000|  0%| F|  |TAMS 0x0000000707c00000, 0x0000000707c00000| Untracked 
|  41|0x0000000707e00000, 0x0000000707e00000, 0x0000000708000000|  0%| F|  |TAMS 0x0000000707e00000, 0x0000000707e00000| Untracked 
|  42|0x0000000708000000, 0x0000000708000000, 0x0000000708200000|  0%| F|  |TAMS 0x0000000708000000, 0x0000000708000000| Untracked 
|  43|0x0000000708200000, 0x0000000708200000, 0x0000000708400000|  0%| F|  |TAMS 0x0000000708200000, 0x0000000708200000| Untracked 
|  44|0x0000000708400000, 0x0000000708400000, 0x0000000708600000|  0%| F|  |TAMS 0x0000000708400000, 0x0000000708400000| Untracked 
|  45|0x0000000708600000, 0x0000000708600000, 0x0000000708800000|  0%| F|  |TAMS 0x0000000708600000, 0x0000000708600000| Untracked 
|  46|0x0000000708800000, 0x0000000708800000, 0x0000000708a00000|  0%| F|  |TAMS 0x0000000708800000, 0x0000000708800000| Untracked 
|  47|0x0000000708a00000, 0x0000000708a00000, 0x0000000708c00000|  0%| F|  |TAMS 0x0000000708a00000, 0x0000000708a00000| Untracked 
|  48|0x0000000708c00000, 0x0000000708c00000, 0x0000000708e00000|  0%| F|  |TAMS 0x0000000708c00000, 0x0000000708c00000| Untracked 
|  49|0x0000000708e00000, 0x0000000708e00000, 0x0000000709000000|  0%| F|  |TAMS 0x0000000708e00000, 0x0000000708e00000| Untracked 
|  50|0x0000000709000000, 0x0000000709000000, 0x0000000709200000|  0%| F|  |TAMS 0x0000000709000000, 0x0000000709000000| Untracked 
|  51|0x0000000709200000, 0x0000000709205c20, 0x0000000709400000|  1%| S|CS|TAMS 0x0000000709200000, 0x0000000709200000| Complete 
|  52|0x0000000709400000, 0x0000000709400000, 0x0000000709600000|  0%| F|  |TAMS 0x0000000709400000, 0x0000000709400000| Untracked 
|  53|0x0000000709600000, 0x0000000709600000, 0x0000000709800000|  0%| F|  |TAMS 0x0000000709600000, 0x0000000709600000| Untracked 
|  54|0x0000000709800000, 0x0000000709800000, 0x0000000709a00000|  0%| F|  |TAMS 0x0000000709800000, 0x0000000709800000| Untracked 
|  55|0x0000000709a00000, 0x0000000709a00000, 0x0000000709c00000|  0%| F|  |TAMS 0x0000000709a00000, 0x0000000709a00000| Untracked 
|  56|0x0000000709c00000, 0x0000000709c00000, 0x0000000709e00000|  0%| F|  |TAMS 0x0000000709c00000, 0x0000000709c00000| Untracked 
|  57|0x0000000709e00000, 0x0000000709e00000, 0x000000070a000000|  0%| F|  |TAMS 0x0000000709e00000, 0x0000000709e00000| Untracked 
|  58|0x000000070a000000, 0x000000070a000000, 0x000000070a200000|  0%| F|  |TAMS 0x000000070a000000, 0x000000070a000000| Untracked 
|  59|0x000000070a200000, 0x000000070a200000, 0x000000070a400000|  0%| F|  |TAMS 0x000000070a200000, 0x000000070a200000| Untracked 
|  60|0x000000070a400000, 0x000000070a400000, 0x000000070a600000|  0%| F|  |TAMS 0x000000070a400000, 0x000000070a400000| Untracked 
|  61|0x000000070a600000, 0x000000070a600000, 0x000000070a800000|  0%| F|  |TAMS 0x000000070a600000, 0x000000070a600000| Untracked 
|  62|0x000000070a800000, 0x000000070a800000, 0x000000070aa00000|  0%| F|  |TAMS 0x000000070a800000, 0x000000070a800000| Untracked 
|  63|0x000000070aa00000, 0x000000070aa00000, 0x000000070ac00000|  0%| F|  |TAMS 0x000000070aa00000, 0x000000070aa00000| Untracked 
|  64|0x000000070ac00000, 0x000000070ac00000, 0x000000070ae00000|  0%| F|  |TAMS 0x000000070ac00000, 0x000000070ac00000| Untracked 
|  65|0x000000070ae00000, 0x000000070ae00000, 0x000000070b000000|  0%| F|  |TAMS 0x000000070ae00000, 0x000000070ae00000| Untracked 
|  66|0x000000070b000000, 0x000000070b000000, 0x000000070b200000|  0%| F|  |TAMS 0x000000070b000000, 0x000000070b000000| Untracked 
|  67|0x000000070b200000, 0x000000070b200000, 0x000000070b400000|  0%| F|  |TAMS 0x000000070b200000, 0x000000070b200000| Untracked 
|  68|0x000000070b400000, 0x000000070b400000, 0x000000070b600000|  0%| F|  |TAMS 0x000000070b400000, 0x000000070b400000| Untracked 
|  69|0x000000070b600000, 0x000000070b600000, 0x000000070b800000|  0%| F|  |TAMS 0x000000070b600000, 0x000000070b600000| Untracked 
|  70|0x000000070b800000, 0x000000070b800000, 0x000000070ba00000|  0%| F|  |TAMS 0x000000070b800000, 0x000000070b800000| Untracked 
|  71|0x000000070ba00000, 0x000000070ba00000, 0x000000070bc00000|  0%| F|  |TAMS 0x000000070ba00000, 0x000000070ba00000| Untracked 
|  72|0x000000070bc00000, 0x000000070bc00000, 0x000000070be00000|  0%| F|  |TAMS 0x000000070bc00000, 0x000000070bc00000| Untracked 
|  73|0x000000070be00000, 0x000000070be00000, 0x000000070c000000|  0%| F|  |TAMS 0x000000070be00000, 0x000000070be00000| Untracked 
|  74|0x000000070c000000, 0x000000070c000000, 0x000000070c200000|  0%| F|  |TAMS 0x000000070c000000, 0x000000070c000000| Untracked 
|  75|0x000000070c200000, 0x000000070c200000, 0x000000070c400000|  0%| F|  |TAMS 0x000000070c200000, 0x000000070c200000| Untracked 
|  76|0x000000070c400000, 0x000000070c400000, 0x000000070c600000|  0%| F|  |TAMS 0x000000070c400000, 0x000000070c400000| Untracked 
|  77|0x000000070c600000, 0x000000070c600000, 0x000000070c800000|  0%| F|  |TAMS 0x000000070c600000, 0x000000070c600000| Untracked 
|  78|0x000000070c800000, 0x000000070c800000, 0x000000070ca00000|  0%| F|  |TAMS 0x000000070c800000, 0x000000070c800000| Untracked 
|  79|0x000000070ca00000, 0x000000070ca00000, 0x000000070cc00000|  0%| F|  |TAMS 0x000000070ca00000, 0x000000070ca00000| Untracked 
|  80|0x000000070cc00000, 0x000000070cc00000, 0x000000070ce00000|  0%| F|  |TAMS 0x000000070cc00000, 0x000000070cc00000| Untracked 
|  81|0x000000070ce00000, 0x000000070ce00000, 0x000000070d000000|  0%| F|  |TAMS 0x000000070ce00000, 0x000000070ce00000| Untracked 
|  82|0x000000070d000000, 0x000000070d000000, 0x000000070d200000|  0%| F|  |TAMS 0x000000070d000000, 0x000000070d000000| Untracked 
|  83|0x000000070d200000, 0x000000070d200000, 0x000000070d400000|  0%| F|  |TAMS 0x000000070d200000, 0x000000070d200000| Untracked 
|  84|0x000000070d400000, 0x000000070d400000, 0x000000070d600000|  0%| F|  |TAMS 0x000000070d400000, 0x000000070d400000| Untracked 
|  85|0x000000070d600000, 0x000000070d600000, 0x000000070d800000|  0%| F|  |TAMS 0x000000070d600000, 0x000000070d600000| Untracked 
|  86|0x000000070d800000, 0x000000070d800000, 0x000000070da00000|  0%| F|  |TAMS 0x000000070d800000, 0x000000070d800000| Untracked 
|  87|0x000000070da00000, 0x000000070da00000, 0x000000070dc00000|  0%| F|  |TAMS 0x000000070da00000, 0x000000070da00000| Untracked 
|  88|0x000000070dc00000, 0x000000070dc00000, 0x000000070de00000|  0%| F|  |TAMS 0x000000070dc00000, 0x000000070dc00000| Untracked 
|  89|0x000000070de00000, 0x000000070de00000, 0x000000070e000000|  0%| F|  |TAMS 0x000000070de00000, 0x000000070de00000| Untracked 
|  90|0x000000070e000000, 0x000000070e000000, 0x000000070e200000|  0%| F|  |TAMS 0x000000070e000000, 0x000000070e000000| Untracked 
|  91|0x000000070e200000, 0x000000070e200000, 0x000000070e400000|  0%| F|  |TAMS 0x000000070e200000, 0x000000070e200000| Untracked 
|  92|0x000000070e400000, 0x000000070e400000, 0x000000070e600000|  0%| F|  |TAMS 0x000000070e400000, 0x000000070e400000| Untracked 
|  93|0x000000070e600000, 0x000000070e600000, 0x000000070e800000|  0%| F|  |TAMS 0x000000070e600000, 0x000000070e600000| Untracked 
|  94|0x000000070e800000, 0x000000070e800000, 0x000000070ea00000|  0%| F|  |TAMS 0x000000070e800000, 0x000000070e800000| Untracked 
|  95|0x000000070ea00000, 0x000000070ea00000, 0x000000070ec00000|  0%| F|  |TAMS 0x000000070ea00000, 0x000000070ea00000| Untracked 
|  96|0x000000070ec00000, 0x000000070ec00000, 0x000000070ee00000|  0%| F|  |TAMS 0x000000070ec00000, 0x000000070ec00000| Untracked 
|  97|0x000000070ee00000, 0x000000070ee00000, 0x000000070f000000|  0%| F|  |TAMS 0x000000070ee00000, 0x000000070ee00000| Untracked 
|  98|0x000000070f000000, 0x000000070f000000, 0x000000070f200000|  0%| F|  |TAMS 0x000000070f000000, 0x000000070f000000| Untracked 
|  99|0x000000070f200000, 0x000000070f200000, 0x000000070f400000|  0%| F|  |TAMS 0x000000070f200000, 0x000000070f200000| Untracked 
| 100|0x000000070f400000, 0x000000070f400000, 0x000000070f600000|  0%| F|  |TAMS 0x000000070f400000, 0x000000070f400000| Untracked 
| 101|0x000000070f600000, 0x000000070f600000, 0x000000070f800000|  0%| F|  |TAMS 0x000000070f600000, 0x000000070f600000| Untracked 
| 102|0x000000070f800000, 0x000000070f800000, 0x000000070fa00000|  0%| F|  |TAMS 0x000000070f800000, 0x000000070f800000| Untracked 
| 103|0x000000070fa00000, 0x000000070fa00000, 0x000000070fc00000|  0%| F|  |TAMS 0x000000070fa00000, 0x000000070fa00000| Untracked 
| 104|0x000000070fc00000, 0x000000070fc00000, 0x000000070fe00000|  0%| F|  |TAMS 0x000000070fc00000, 0x000000070fc00000| Untracked 
| 105|0x000000070fe00000, 0x000000070fe00000, 0x0000000710000000|  0%| F|  |TAMS 0x000000070fe00000, 0x000000070fe00000| Untracked 
| 106|0x0000000710000000, 0x0000000710000000, 0x0000000710200000|  0%| F|  |TAMS 0x0000000710000000, 0x0000000710000000| Untracked 
| 107|0x0000000710200000, 0x0000000710200000, 0x0000000710400000|  0%| F|  |TAMS 0x0000000710200000, 0x0000000710200000| Untracked 
| 108|0x0000000710400000, 0x0000000710400000, 0x0000000710600000|  0%| F|  |TAMS 0x0000000710400000, 0x0000000710400000| Untracked 
| 109|0x0000000710600000, 0x0000000710600000, 0x0000000710800000|  0%| F|  |TAMS 0x0000000710600000, 0x0000000710600000| Untracked 
| 110|0x0000000710800000, 0x0000000710800000, 0x0000000710a00000|  0%| F|  |TAMS 0x0000000710800000, 0x0000000710800000| Untracked 
| 111|0x0000000710a00000, 0x0000000710a00000, 0x0000000710c00000|  0%| F|  |TAMS 0x0000000710a00000, 0x0000000710a00000| Untracked 
| 112|0x0000000710c00000, 0x0000000710c00000, 0x0000000710e00000|  0%| F|  |TAMS 0x0000000710c00000, 0x0000000710c00000| Untracked 
| 113|0x0000000710e00000, 0x0000000710e00000, 0x0000000711000000|  0%| F|  |TAMS 0x0000000710e00000, 0x0000000710e00000| Untracked 
| 114|0x0000000711000000, 0x0000000711000000, 0x0000000711200000|  0%| F|  |TAMS 0x0000000711000000, 0x0000000711000000| Untracked 
| 115|0x0000000711200000, 0x0000000711200000, 0x0000000711400000|  0%| F|  |TAMS 0x0000000711200000, 0x0000000711200000| Untracked 
| 116|0x0000000711400000, 0x0000000711400000, 0x0000000711600000|  0%| F|  |TAMS 0x0000000711400000, 0x0000000711400000| Untracked 
| 117|0x0000000711600000, 0x0000000711600000, 0x0000000711800000|  0%| F|  |TAMS 0x0000000711600000, 0x0000000711600000| Untracked 
| 118|0x0000000711800000, 0x0000000711800000, 0x0000000711a00000|  0%| F|  |TAMS 0x0000000711800000, 0x0000000711800000| Untracked 
| 119|0x0000000711a00000, 0x0000000711a00000, 0x0000000711c00000|  0%| F|  |TAMS 0x0000000711a00000, 0x0000000711a00000| Untracked 
| 120|0x0000000711c00000, 0x0000000711c00000, 0x0000000711e00000|  0%| F|  |TAMS 0x0000000711c00000, 0x0000000711c00000| Untracked 
| 121|0x0000000711e00000, 0x0000000712000000, 0x0000000712000000|100%| E|  |TAMS 0x0000000711e00000, 0x0000000711e00000| Complete 
| 122|0x0000000712000000, 0x0000000712200000, 0x0000000712200000|100%| E|CS|TAMS 0x0000000712000000, 0x0000000712000000| Complete 
| 123|0x0000000712200000, 0x0000000712400000, 0x0000000712400000|100%| E|CS|TAMS 0x0000000712200000, 0x0000000712200000| Complete 
| 124|0x0000000712400000, 0x0000000712600000, 0x0000000712600000|100%| E|CS|TAMS 0x0000000712400000, 0x0000000712400000| Complete 
| 125|0x0000000712600000, 0x0000000712800000, 0x0000000712800000|100%| E|CS|TAMS 0x0000000712600000, 0x0000000712600000| Complete 
| 126|0x0000000712800000, 0x0000000712a00000, 0x0000000712a00000|100%| E|CS|TAMS 0x0000000712800000, 0x0000000712800000| Complete 

Card table byte_map: [0x000002ba7ebf0000,0x000002ba7f3e0000] _byte_map_base: 0x000002ba7b3da000

Marking Bits (Prev, Next): (CMBitMap*) 0x000002ba64af2e40, (CMBitMap*) 0x000002ba64af2e80
 Prev Bits: [0x000002ba00000000, 0x000002ba03f50000)
 Next Bits: [0x000002ba03f50000, 0x000002ba07ea0000)

Polling page: 0x000002ba64b70000

Metaspace:

Usage:
  Non-class:      9.06 MB capacity,     8.92 MB ( 98%) used,   136.66 KB (  1%) free+waste,    13.88 KB ( <1%) overhead. 
      Class:   1001.00 KB capacity,   954.43 KB ( 95%) used,    41.26 KB (  4%) free+waste,     5.31 KB ( <1%) overhead. 
       Both:     10.04 MB capacity,     9.85 MB ( 98%) used,   177.91 KB (  2%) free+waste,    19.19 KB ( <1%) overhead. 

Virtual space:
  Non-class space:       10.00 MB reserved,       9.25 MB ( 93%) committed 
      Class space:        1.00 GB reserved,       1.00 MB ( <1%) committed 
             Both:        1.01 GB reserved,      10.25 MB ( <1%) committed 

Chunk freelists:
   Non-Class:  62.00 KB
       Class:  23.00 KB
        Both:  85.00 KB

MaxMetaspaceSize: 17179869184.00 GB
CompressedClassSpaceSize: 1.00 GB

CodeHeap 'non-profiled nmethods': size=120000Kb used=3223Kb max_used=3223Kb free=116776Kb
 bounds [0x000002ba76240000, 0x000002ba76580000, 0x000002ba7d770000]
CodeHeap 'profiled nmethods': size=120000Kb used=3365Kb max_used=5150Kb free=116635Kb
 bounds [0x000002ba6ed10000, 0x000002ba6f220000, 0x000002ba76240000]
CodeHeap 'non-nmethods': size=5760Kb used=1390Kb max_used=1490Kb free=4369Kb
 bounds [0x000002ba6e770000, 0x000002ba6e9e0000, 0x000002ba6ed10000]
 total_blobs=2939 nmethods=2339 adapters=513
 compilation: enabled
              stopped_count=0, restarted_count=0
 full_count=0

Compilation events (20 events):
Event: 1238.084 Thread 0x000002ba0b04f0c0 2950       1       java.awt.Component::isVisible_NoClientCode (5 bytes)
Event: 1238.084 Thread 0x000002ba0b04f0c0 nmethod 2950 0x000002ba763e8990 code [0x000002ba763e8b20, 0x000002ba763e8bd8]
Event: 1238.084 Thread 0x000002ba0b04f0c0 2951       3       java.lang.StringConcatHelper::newString (67 bytes)
Event: 1238.085 Thread 0x000002ba0b04f0c0 nmethod 2951 0x000002ba6ede0990 code [0x000002ba6ede0c00, 0x000002ba6ede1648]
Event: 1260.675 Thread 0x000002ba0b04a100 2952       4       java.lang.Thread::<init> (29 bytes)
Event: 1260.687 Thread 0x000002ba0b04a100 nmethod 2952 0x000002ba763e7a90 code [0x000002ba763e7c80, 0x000002ba763e84b0]
Event: 1262.108 Thread 0x000002ba0b04a100 2953       4       game.entity.entities.BlackholeEntity::click (123 bytes)
Event: 1262.186 Thread 0x000002ba0b04a100 nmethod 2953 0x000002ba763e5790 code [0x000002ba763e5a00, 0x000002ba763e6ed0]
Event: 1274.825 Thread 0x000002ba0b04a100 2955       4       java.util.WeakHashMap::hash (28 bytes)
Event: 1274.844 Thread 0x000002ba0b04a100 nmethod 2955 0x000002ba763e4b90 code [0x000002ba763e4d40, 0x000002ba763e5418]
Event: 1312.013 Thread 0x000002ba0b04a100 2956   !   4       com.sun.media.sound.DirectAudioDevice$DirectDL::drain (215 bytes)
Event: 1312.030 Thread 0x000002ba0b04a100 nmethod 2956 0x000002ba763e3010 code [0x000002ba763e3200, 0x000002ba763e4390]
Event: 1349.794 Thread 0x000002ba0b04f0c0 2957       3       com.sun.media.sound.DirectAudioDevice::implClose (1 bytes)
Event: 1349.794 Thread 0x000002ba0b04f0c0 nmethod 2957 0x000002ba6ee8fc10 code [0x000002ba6ee8fda0, 0x000002ba6ee8fe98]
Event: 1366.904 Thread 0x000002ba0b04f0c0 2958       3       game.upgrade.UpgradeManager::getUpgrade (13 bytes)
Event: 1366.905 Thread 0x000002ba0b04f0c0 nmethod 2958 0x000002ba6eda8c10 code [0x000002ba6eda8dc0, 0x000002ba6eda9088]
Event: 1370.777 Thread 0x000002ba0b04f0c0 2959       3       java.util.Collections::emptyList (4 bytes)
Event: 1370.777 Thread 0x000002ba0b04f0c0 nmethod 2959 0x000002ba6ee99010 code [0x000002ba6ee991a0, 0x000002ba6ee99298]
Event: 1392.201 Thread 0x000002ba0b04f0c0 2960       1       java.awt.AWTEvent::isConsumed (5 bytes)
Event: 1392.201 Thread 0x000002ba0b04f0c0 nmethod 2960 0x000002ba763e2c10 code [0x000002ba763e2da0, 0x000002ba763e2e58]

GC Heap History (20 events):
Event: 1490.332 GC heap before
{Heap before GC invocations=205 (full 0):
 garbage-first heap   total 260096K, used 164241K [0x0000000702c00000, 0x0000000800000000)
  region size 2048K, 76 young (155648K), 1 survivors (2048K)
 Metaspace       used 10082K, capacity 10283K, committed 10496K, reserved 1058816K
  class space    used 953K, capacity 1001K, committed 1024K, reserved 1048576K
}
Event: 1490.333 GC heap after
{Heap after GC invocations=206 (full 0):
 garbage-first heap   total 260096K, used 10639K [0x0000000702c00000, 0x0000000800000000)
  region size 2048K, 1 young (2048K), 1 survivors (2048K)
 Metaspace       used 10082K, capacity 10283K, committed 10496K, reserved 1058816K
  class space    used 953K, capacity 1001K, committed 1024K, reserved 1048576K
}
Event: 1506.707 GC heap before
{Heap before GC invocations=206 (full 0):
 garbage-first heap   total 260096K, used 164239K [0x0000000702c00000, 0x0000000800000000)
  region size 2048K, 76 young (155648K), 1 survivors (2048K)
 Metaspace       used 10082K, capacity 10283K, committed 10496K, reserved 1058816K
  class space    used 953K, capacity 1001K, committed 1024K, reserved 1048576K
}
Event: 1506.708 GC heap after
{Heap after GC invocations=207 (full 0):
 garbage-first heap   total 260096K, used 10639K [0x0000000702c00000, 0x0000000800000000)
  region size 2048K, 1 young (2048K), 1 survivors (2048K)
 Metaspace       used 10082K, capacity 10283K, committed 10496K, reserved 1058816K
  class space    used 953K, capacity 1001K, committed 1024K, reserved 1048576K
}
Event: 1521.053 GC heap before
{Heap before GC invocations=207 (full 0):
 garbage-first heap   total 260096K, used 164239K [0x0000000702c00000, 0x0000000800000000)
  region size 2048K, 76 young (155648K), 1 survivors (2048K)
 Metaspace       used 10082K, capacity 10283K, committed 10496K, reserved 1058816K
  class space    used 953K, capacity 1001K, committed 1024K, reserved 1048576K
}
Event: 1521.055 GC heap after
{Heap after GC invocations=208 (full 0):
 garbage-first heap   total 260096K, used 10639K [0x0000000702c00000, 0x0000000800000000)
  region size 2048K, 1 young (2048K), 1 survivors (2048K)
 Metaspace       used 10082K, capacity 10283K, committed 10496K, reserved 1058816K
  class space    used 953K, capacity 1001K, committed 1024K, reserved 1048576K
}
Event: 1535.450 GC heap before
{Heap before GC invocations=208 (full 0):
 garbage-first heap   total 260096K, used 164239K [0x0000000702c00000, 0x0000000800000000)
  region size 2048K, 76 young (155648K), 1 survivors (2048K)
 Metaspace       used 10082K, capacity 10283K, committed 10496K, reserved 1058816K
  class space    used 953K, capacity 1001K, committed 1024K, reserved 1048576K
}
Event: 1535.452 GC heap after
{Heap after GC invocations=209 (full 0):
 garbage-first heap   total 260096K, used 10639K [0x0000000702c00000, 0x0000000800000000)
  region size 2048K, 1 young (2048K), 1 survivors (2048K)
 Metaspace       used 10082K, capacity 10283K, committed 10496K, reserved 1058816K
  class space    used 953K, capacity 1001K, committed 1024K, reserved 1048576K
}
Event: 1553.530 GC heap before
{Heap before GC invocations=209 (full 0):
 garbage-first heap   total 260096K, used 164239K [0x0000000702c00000, 0x0000000800000000)
  region size 2048K, 76 young (155648K), 1 survivors (2048K)
 Metaspace       used 10082K, capacity 10283K, committed 10496K, reserved 1058816K
  class space    used 953K, capacity 1001K, committed 1024K, reserved 1048576K
}
Event: 1553.532 GC heap after
{Heap after GC invocations=210 (full 0):
 garbage-first heap   total 260096K, used 10652K [0x0000000702c00000, 0x0000000800000000)
  region size 2048K, 1 young (2048K), 1 survivors (2048K)
 Metaspace       used 10082K, capacity 10283K, committed 10496K, reserved 1058816K
  class space    used 953K, capacity 1001K, committed 1024K, reserved 1048576K
}
Event: 1569.455 GC heap before
{Heap before GC invocations=210 (full 0):
 garbage-first heap   total 260096K, used 164252K [0x0000000702c00000, 0x0000000800000000)
  region size 2048K, 76 young (155648K), 1 survivors (2048K)
 Metaspace       used 10082K, capacity 10283K, committed 10496K, reserved 1058816K
  class space    used 953K, capacity 1001K, committed 1024K, reserved 1048576K
}
Event: 1569.457 GC heap after
{Heap after GC invocations=211 (full 0):
 garbage-first heap   total 260096K, used 10640K [0x0000000702c00000, 0x0000000800000000)
  region size 2048K, 1 young (2048K), 1 survivors (2048K)
 Metaspace       used 10082K, capacity 10283K, committed 10496K, reserved 1058816K
  class space    used 953K, capacity 1001K, committed 1024K, reserved 1048576K
}
Event: 1585.002 GC heap before
{Heap before GC invocations=211 (full 0):
 garbage-first heap   total 260096K, used 164240K [0x0000000702c00000, 0x0000000800000000)
  region size 2048K, 76 young (155648K), 1 survivors (2048K)
 Metaspace       used 10082K, capacity 10283K, committed 10496K, reserved 1058816K
  class space    used 953K, capacity 1001K, committed 1024K, reserved 1048576K
}
Event: 1585.003 GC heap after
{Heap after GC invocations=212 (full 0):
 garbage-first heap   total 260096K, used 10639K [0x0000000702c00000, 0x0000000800000000)
  region size 2048K, 1 young (2048K), 1 survivors (2048K)
 Metaspace       used 10082K, capacity 10283K, committed 10496K, reserved 1058816K
  class space    used 953K, capacity 1001K, committed 1024K, reserved 1048576K
}
Event: 1601.057 GC heap before
{Heap before GC invocations=212 (full 0):
 garbage-first heap   total 260096K, used 164239K [0x0000000702c00000, 0x0000000800000000)
  region size 2048K, 76 young (155648K), 1 survivors (2048K)
 Metaspace       used 10082K, capacity 10283K, committed 10496K, reserved 1058816K
  class space    used 953K, capacity 1001K, committed 1024K, reserved 1048576K
}
Event: 1601.059 GC heap after
{Heap after GC invocations=213 (full 0):
 garbage-first heap   total 260096K, used 10641K [0x0000000702c00000, 0x0000000800000000)
  region size 2048K, 1 young (2048K), 1 survivors (2048K)
 Metaspace       used 10082K, capacity 10283K, committed 10496K, reserved 1058816K
  class space    used 953K, capacity 1001K, committed 1024K, reserved 1048576K
}
Event: 1616.490 GC heap before
{Heap before GC invocations=213 (full 0):
 garbage-first heap   total 260096K, used 164241K [0x0000000702c00000, 0x0000000800000000)
  region size 2048K, 76 young (155648K), 1 survivors (2048K)
 Metaspace       used 10082K, capacity 10283K, committed 10496K, reserved 1058816K
  class space    used 953K, capacity 1001K, committed 1024K, reserved 1048576K
}
Event: 1616.492 GC heap after
{Heap after GC invocations=214 (full 0):
 garbage-first heap   total 260096K, used 10639K [0x0000000702c00000, 0x0000000800000000)
  region size 2048K, 1 young (2048K), 1 survivors (2048K)
 Metaspace       used 10082K, capacity 10283K, committed 10496K, reserved 1058816K
  class space    used 953K, capacity 1001K, committed 1024K, reserved 1048576K
}
Event: 1633.522 GC heap before
{Heap before GC invocations=214 (full 0):
 garbage-first heap   total 260096K, used 164239K [0x0000000702c00000, 0x0000000800000000)
  region size 2048K, 76 young (155648K), 1 survivors (2048K)
 Metaspace       used 10082K, capacity 10283K, committed 10496K, reserved 1058816K
  class space    used 953K, capacity 1001K, committed 1024K, reserved 1048576K
}
Event: 1633.523 GC heap after
{Heap after GC invocations=215 (full 0):
 garbage-first heap   total 260096K, used 10641K [0x0000000702c00000, 0x0000000800000000)
  region size 2048K, 1 young (2048K), 1 survivors (2048K)
 Metaspace       used 10082K, capacity 10283K, committed 10496K, reserved 1058816K
  class space    used 953K, capacity 1001K, committed 1024K, reserved 1048576K
}

Deoptimization events (20 events):
Event: 1628.978 Thread 0x000002ba0b3b3660 DEOPT PACKING pc=0x000002ba76463d88 sp=0x000000cfdfdfed50
Event: 1628.978 Thread 0x000002ba0b3b3660 DEOPT UNPACKING pc=0x000002ba6e7be23f sp=0x000000cfdfdfe180 mode 1
Event: 1628.978 Thread 0x000002ba0b3b3660 DEOPT PACKING pc=0x000002ba765612e4 sp=0x000000cfdfdfedd0
Event: 1628.978 Thread 0x000002ba0b3b3660 DEOPT UNPACKING pc=0x000002ba6e7be23f sp=0x000000cfdfdfe318 mode 1
Event: 1628.978 Thread 0x000002ba0b3b3660 DEOPT PACKING pc=0x000002ba76567574 sp=0x000000cfdfdfeed0
Event: 1628.978 Thread 0x000002ba0b3b3660 DEOPT UNPACKING pc=0x000002ba6e7be23f sp=0x000000cfdfdfe3a0 mode 1
Event: 1628.978 Thread 0x000002ba0b3b3660 DEOPT PACKING pc=0x000002ba765612e4 sp=0x000000cfdfdfedc0
Event: 1628.978 Thread 0x000002ba0b3b3660 DEOPT UNPACKING pc=0x000002ba6e7be23f sp=0x000000cfdfdfe318 mode 1
Event: 1634.897 Thread 0x000002ba0b0408c0 Uncommon trap: trap_request=0xffffff45 fr.pc=0x000002ba76306790 relative=0x0000000000000f10
Event: 1634.897 Thread 0x000002ba0b0408c0 Uncommon trap: reason=unstable_if action=reinterpret pc=0x000002ba76306790 method=java.lang.Thread.getContextClassLoader()Ljava/lang/ClassLoader; @ 4 c2
Event: 1634.897 Thread 0x000002ba0b0408c0 DEOPT PACKING pc=0x000002ba76306790 sp=0x000000cfddbff230
Event: 1634.897 Thread 0x000002ba0b0408c0 DEOPT UNPACKING pc=0x000002ba6e7be42f sp=0x000000cfddbff190 mode 2
Event: 1634.898 Thread 0x000002ba0b3b27f0 Uncommon trap: trap_request=0xffffffc6 fr.pc=0x000002ba7656c1ec relative=0x0000000000006f4c
Event: 1634.898 Thread 0x000002ba0b3b27f0 Uncommon trap: reason=bimorphic_or_optimized_type_check action=maybe_recompile pc=0x000002ba7656c1ec method=java.lang.Thread.run()V @ 11 c2
Event: 1634.898 Thread 0x000002ba0b3b27f0 DEOPT PACKING pc=0x000002ba7656c1ec sp=0x000000cfdd0ff560
Event: 1634.898 Thread 0x000002ba0b3b27f0 DEOPT UNPACKING pc=0x000002ba6e7be42f sp=0x000000cfdd0ff680 mode 2
Event: 1634.899 Thread 0x000002ba0b3b2320 Uncommon trap: trap_request=0xffffffc6 fr.pc=0x000002ba7656c1ec relative=0x0000000000006f4c
Event: 1634.899 Thread 0x000002ba0b3b2320 Uncommon trap: reason=bimorphic_or_optimized_type_check action=maybe_recompile pc=0x000002ba7656c1ec method=java.lang.Thread.run()V @ 11 c2
Event: 1634.899 Thread 0x000002ba0b3b2320 DEOPT PACKING pc=0x000002ba7656c1ec sp=0x000000cfdd1ff190
Event: 1634.899 Thread 0x000002ba0b3b2320 DEOPT UNPACKING pc=0x000002ba6e7be42f sp=0x000000cfdd1ff2b0 mode 2

Classes unloaded (0 events):
No events

Classes redefined (0 events):
No events

Internal exceptions (20 events):
Event: 3.010 Thread 0x000002ba64aa0e10 Exception <a 'java/lang/ClassNotFoundException'{0x0000000712638558}: sun/awt/resources/spi/awtProvider> (0x0000000712638558) 
thrown [./src/hotspot/share/classfile/systemDictionary.cpp, line 295]
Event: 3.032 Thread 0x000002ba64aa0e10 Exception <a 'java/io/FileNotFoundException'{0x000000071268be70}> (0x000000071268be70) 
thrown [./src/hotspot/share/prims/jni.cpp, line 578]
Event: 3.042 Thread 0x000002ba64aa0e10 Exception <a 'java/io/FileNotFoundException'{0x00000007126ba7b0}> (0x00000007126ba7b0) 
thrown [./src/hotspot/share/prims/jni.cpp, line 578]
Event: 3.042 Thread 0x000002ba64aa0e10 Exception <a 'java/lang/NoSuchMethodError'{0x00000007126bba00}: 'java.lang.Object java.lang.invoke.DirectMethodHandle$Holder.invokeStatic(java.lang.Object)'> (0x00000007126bba00) 
thrown [./src/hotspot/share/interpreter/linkResolver.cpp, line 782]
Event: 3.048 Thread 0x000002ba64aa0e10 Exception <a 'java/lang/NoSuchMethodError'{0x00000007126c3b90}: 'void java.lang.invoke.DirectMethodHandle$Holder.invokeSpecial(java.lang.Object, java.lang.Object, java.lang.Object)'> (0x00000007126c3b90) 
thrown [./src/hotspot/share/interpreter/linkResolver.cpp, line 782]
Event: 3.084 Thread 0x000002ba64aa0e10 Exception <a 'java/lang/NoSuchMethodError'{0x0000000712702be8}: 'java.lang.Object java.lang.invoke.DirectMethodHandle$Holder.invokeStaticInit(java.lang.Object)'> (0x0000000712702be8) 
thrown [./src/hotspot/share/interpreter/linkResolver.cpp, line 782]
Event: 3.260 Thread 0x000002ba0b1add20 Exception <a 'java/lang/NoSuchMethodError'{0x00000007124fc628}: 'java.lang.Object java.lang.invoke.DirectMethodHandle$Holder.newInvokeSpecial(java.lang.Object, java.lang.Object, java.lang.Object, java.lang.Object, java.lang.Object)'> (0x00000007124fc628) 
thrown [./src/hotspot/share/interpreter/linkResolver.cpp, line 782]
Event: 3.262 Thread 0x000002ba0b1add20 Exception <a 'java/lang/NoSuchMethodError'{0x00000007125080b8}: 'java.lang.Object java.lang.invoke.DirectMethodHandle$Holder.invokeStatic(java.lang.Object, int, java.lang.Object, java.lang.Object, java.lang.Object, java.lang.Object)'> (0x00000007125080b8) 
thrown [./src/hotspot/share/interpreter/linkResolver.cpp, line 782]
Event: 3.265 Thread 0x000002ba0b1add20 Exception <a 'java/lang/NoSuchMethodError'{0x000000071252e360}: 'java.lang.Object java.lang.invoke.DirectMethodHandle$Holder.invokeStatic(java.lang.Object, int, java.lang.Object)'> (0x000000071252e360) 
thrown [./src/hotspot/share/interpreter/linkResolver.cpp, line 782]
Event: 3.287 Thread 0x000002ba0b1add20 Exception <a 'java/lang/ClassNotFoundException'{0x00000007125eae78}: com/sun/swing/internal/plaf/metal/resources/spi/metalProvider> (0x00000007125eae78) 
thrown [./src/hotspot/share/classfile/systemDictionary.cpp, line 295]
Event: 3.288 Thread 0x000002ba0b1add20 Exception <a 'java/lang/ClassNotFoundException'{0x00000007125ef2d8}: com/sun/swing/internal/plaf/basic/resources/spi/basicProvider> (0x00000007125ef2d8) 
thrown [./src/hotspot/share/classfile/systemDictionary.cpp, line 295]
Event: 3.303 Thread 0x000002ba0b1add20 Exception <a 'java/lang/NoSuchMethodError'{0x000000071220b238}: 'void java.lang.invoke.DirectMethodHandle$Holder.invokeStaticInit(java.lang.Object)'> (0x000000071220b238) 
thrown [./src/hotspot/share/interpreter/linkResolver.cpp, line 782]
Event: 6.646 Thread 0x000002ba0b3b4000 Exception <a 'java/lang/NoSuchMethodError'{0x0000000712054740}: 'void java.lang.invoke.DirectMethodHandle$Holder.invokeStatic(java.lang.Object, java.lang.Object, java.lang.Object)'> (0x0000000712054740) 
thrown [./src/hotspot/share/interpreter/linkResolver.cpp, line 782]
Event: 8.385 Thread 0x000002ba0b1abb70 Implicit null exception at 0x000002ba762dd960 to 0x000002ba762de66c
Event: 8.385 Thread 0x000002ba0b1abb70 Implicit null exception at 0x000002ba762cc292 to 0x000002ba762cd4f8
Event: 8.385 Thread 0x000002ba0b1abb70 Implicit null exception at 0x000002ba762cf6a6 to 0x000002ba762d0a8c
Event: 8.387 Thread 0x000002ba0b1abb70 Implicit null exception at 0x000002ba762c45a0 to 0x000002ba762c485c
Event: 8.388 Thread 0x000002ba0b1abb70 Implicit null exception at 0x000002ba762ffdb2 to 0x000002ba76300520
Event: 41.504 Thread 0x000002ba0b1abb70 Implicit null exception at 0x000002ba7641892d to 0x000002ba7641c690
Event: 462.040 Thread 0x000002ba0b1ad850 Implicit null exception at 0x000002ba76444675 to 0x000002ba764447d0

Events (20 events):
Event: 1627.973 Thread 0x000002ba0b3adaf0 Thread added: 0x000002ba0b3adaf0
Event: 1627.974 Thread 0x000002ba0b3b0b10 Thread exited: 0x000002ba0b3b0b10
Event: 1627.984 Thread 0x000002ba0b3b49a0 Thread exited: 0x000002ba0b3b49a0
Event: 1628.179 Thread 0x000002ba0b3adaf0 Thread exited: 0x000002ba0b3adaf0
Event: 1628.474 Thread 0x000002ba0b3aee30 Thread added: 0x000002ba0b3aee30
Event: 1628.506 Thread 0x000002ba0b3b0170 Thread added: 0x000002ba0b3b0170
Event: 1628.509 Thread 0x000002ba0b3aee30 Thread exited: 0x000002ba0b3aee30
Event: 1628.976 Thread 0x000002ba0b3b3660 Thread added: 0x000002ba0b3b3660
Event: 1628.979 Thread 0x000002ba0b3b3190 Thread added: 0x000002ba0b3b3190
Event: 1628.979 Thread 0x000002ba0b3b3660 Thread exited: 0x000002ba0b3b3660
Event: 1629.037 Thread 0x000002ba0b3b0170 Thread exited: 0x000002ba0b3b0170
Event: 1629.181 Thread 0x000002ba0b3b3190 Thread exited: 0x000002ba0b3b3190
Event: 1633.521 Executing VM operation: G1CollectForAllocation
Event: 1633.523 Executing VM operation: G1CollectForAllocation done
Event: 1633.523 Executing VM operation: HandshakeAllThreads
Event: 1633.523 Executing VM operation: HandshakeAllThreads done
Event: 1634.897 loading class jdk/internal/misc/Signal$1
Event: 1634.897 loading class jdk/internal/misc/Signal$1 done
Event: 1634.897 Thread 0x000002ba0b3b27f0 Thread added: 0x000002ba0b3b27f0
Event: 1634.898 Thread 0x000002ba0b3b2320 Thread added: 0x000002ba0b3b2320


Dynamic libraries:
0x00007ff6be3c0000 - 0x00007ff6be3cd000 	C:\Program Files\AdoptOpenJDK\jdk-15.0.2.7-hotspot\bin\java.exe
0x00007ffcb8ff0000 - 0x00007ffcb9207000 	C:\WINDOWS\SYSTEM32\ntdll.dll
0x00007ffcb7980000 - 0x00007ffcb7a44000 	C:\WINDOWS\System32\KERNEL32.DLL
0x00007ffcb6560000 - 0x00007ffcb6931000 	C:\WINDOWS\System32\KERNELBASE.dll
0x00007ffcb6390000 - 0x00007ffcb64a1000 	C:\WINDOWS\System32\ucrtbase.dll
0x00007ffc9ddf0000 - 0x00007ffc9de05000 	C:\Program Files\AdoptOpenJDK\jdk-15.0.2.7-hotspot\bin\VCRUNTIME140.dll
0x00007ffcb2c30000 - 0x00007ffcb2c48000 	C:\Program Files\AdoptOpenJDK\jdk-15.0.2.7-hotspot\bin\jli.dll
0x00007ffcb88d0000 - 0x00007ffcb8a81000 	C:\WINDOWS\System32\USER32.dll
0x00007ffcb6940000 - 0x00007ffcb6966000 	C:\WINDOWS\System32\win32u.dll
0x00007ffc89f70000 - 0x00007ffc8a202000 	C:\WINDOWS\WinSxS\amd64_microsoft.windows.common-controls_6595b64144ccf1df_6.0.22621.4830_none_270fe7d773858e80\COMCTL32.dll
0x00007ffcb8c50000 - 0x00007ffcb8c79000 	C:\WINDOWS\System32\GDI32.dll
0x00007ffcb6a30000 - 0x00007ffcb6b4b000 	C:\WINDOWS\System32\gdi32full.dll
0x00007ffcb8a90000 - 0x00007ffcb8b37000 	C:\WINDOWS\System32\msvcrt.dll
0x00007ffcb62f0000 - 0x00007ffcb638a000 	C:\WINDOWS\System32\msvcp_win.dll
0x00007ffcb7940000 - 0x00007ffcb7971000 	C:\WINDOWS\System32\IMM32.DLL
0x00007ffc72b90000 - 0x00007ffc72c2b000 	C:\Program Files\AdoptOpenJDK\jdk-15.0.2.7-hotspot\bin\msvcp140.dll
0x00007ffc694d0000 - 0x00007ffc6a05f000 	C:\Program Files\AdoptOpenJDK\jdk-15.0.2.7-hotspot\bin\server\jvm.dll
0x00007ffcb8810000 - 0x00007ffcb88c1000 	C:\WINDOWS\System32\ADVAPI32.dll
0x00007ffcb73c0000 - 0x00007ffcb7467000 	C:\WINDOWS\System32\sechost.dll
0x00007ffcb6530000 - 0x00007ffcb6558000 	C:\WINDOWS\System32\bcrypt.dll
0x00007ffcb8e90000 - 0x00007ffcb8fa4000 	C:\WINDOWS\System32\RPCRT4.dll
0x00007ffcb7150000 - 0x00007ffcb7158000 	C:\WINDOWS\System32\PSAPI.DLL
0x00007ffca5830000 - 0x00007ffca5839000 	C:\WINDOWS\SYSTEM32\WSOCK32.dll
0x00007ffcb0090000 - 0x00007ffcb009a000 	C:\WINDOWS\SYSTEM32\VERSION.dll
0x00007ffcaa480000 - 0x00007ffcaa4b4000 	C:\WINDOWS\SYSTEM32\WINMM.dll
0x00007ffcb86f0000 - 0x00007ffcb8761000 	C:\WINDOWS\System32\WS2_32.dll
0x00007ffcb5180000 - 0x00007ffcb5198000 	C:\WINDOWS\SYSTEM32\kernel.appcore.dll
0x00007ffc9da30000 - 0x00007ffc9da3a000 	C:\Program Files\AdoptOpenJDK\jdk-15.0.2.7-hotspot\bin\jimage.dll
0x00007ffc9d740000 - 0x00007ffc9d972000 	C:\WINDOWS\SYSTEM32\DBGHELP.DLL
0x00007ffcb7a50000 - 0x00007ffcb7de0000 	C:\WINDOWS\System32\combase.dll
0x00007ffcb72e0000 - 0x00007ffcb73b7000 	C:\WINDOWS\System32\OLEAUT32.dll
0x00007ffc9d6d0000 - 0x00007ffc9d702000 	C:\WINDOWS\SYSTEM32\dbgcore.DLL
0x00007ffcb6130000 - 0x00007ffcb61ab000 	C:\WINDOWS\System32\bcryptPrimitives.dll
0x00007ffc91850000 - 0x00007ffc91888000 	C:\Program Files\AdoptOpenJDK\jdk-15.0.2.7-hotspot\bin\jdwp.dll
0x00007ffc81ff0000 - 0x00007ffc82015000 	C:\Program Files\AdoptOpenJDK\jdk-15.0.2.7-hotspot\bin\java.dll
0x00007ffcb7e60000 - 0x00007ffcb86e8000 	C:\WINDOWS\System32\SHELL32.dll
0x00007ffcb61b0000 - 0x00007ffcb62ef000 	C:\WINDOWS\System32\wintypes.dll
0x00007ffcb3fe0000 - 0x00007ffcb48ed000 	C:\WINDOWS\SYSTEM32\windows.storage.dll
0x00007ffcb8b40000 - 0x00007ffcb8c4a000 	C:\WINDOWS\System32\SHCORE.dll
0x00007ffcb8c80000 - 0x00007ffcb8cde000 	C:\WINDOWS\System32\shlwapi.dll
0x00007ffcb6060000 - 0x00007ffcb608b000 	C:\WINDOWS\SYSTEM32\profapi.dll
0x00007ffcb2a30000 - 0x00007ffcb2a3a000 	C:\Program Files\AdoptOpenJDK\jdk-15.0.2.7-hotspot\bin\dt_socket.dll
0x00007ffcb49e0000 - 0x00007ffcb4a0d000 	C:\WINDOWS\SYSTEM32\IPHLPAPI.DLL
0x00007ffcb55f0000 - 0x00007ffcb565a000 	C:\WINDOWS\system32\mswsock.dll
0x00007ffcb4a40000 - 0x00007ffcb4b42000 	C:\WINDOWS\SYSTEM32\DNSAPI.dll
0x00007ffcb76f0000 - 0x00007ffcb76f9000 	C:\WINDOWS\System32\NSI.dll
0x00007ffcafe80000 - 0x00007ffcafe8a000 	C:\Windows\System32\rasadhlp.dll
0x00007ffcb0f00000 - 0x00007ffcb0f83000 	C:\WINDOWS\System32\fwpuclnt.dll
0x00007ffc72560000 - 0x00007ffc726f8000 	C:\Program Files\AdoptOpenJDK\jdk-15.0.2.7-hotspot\bin\awt.dll
0x00007ffcb3200000 - 0x00007ffcb3297000 	C:\WINDOWS\SYSTEM32\apphelp.dll
0x00007ffcb3580000 - 0x00007ffcb3633000 	C:\WINDOWS\system32\uxtheme.dll
0x00007ffcb7180000 - 0x00007ffcb72dd000 	C:\WINDOWS\System32\MSCTF.dll
0x00007ffcb8ce0000 - 0x00007ffcb8e81000 	C:\WINDOWS\System32\ole32.dll
0x00007ffca9fe0000 - 0x00007ffcaa0e0000 	C:\WINDOWS\system32\opengl32.dll
0x00007ffca9c90000 - 0x00007ffca9cbd000 	C:\WINDOWS\SYSTEM32\GLU32.dll
0x00007ffcb3690000 - 0x00007ffcb36c7000 	C:\WINDOWS\SYSTEM32\dxcore.dll
0x00007ffcb37f0000 - 0x00007ffcb381b000 	C:\WINDOWS\system32\DWMAPI.DLL
0x00007ffcb28e0000 - 0x00007ffcb2929000 	C:\WINDOWS\SYSTEM32\directxdatabasehelper.dll
0x00007ffcb7810000 - 0x00007ffcb78c0000 	C:\WINDOWS\System32\clbcatq.dll
0x00007ffcaf3b0000 - 0x00007ffcaf4f4000 	C:\Windows\System32\AppXDeploymentClient.dll
0x00007ffc58660000 - 0x00007ffc5970c000 	C:\WINDOWS\System32\DriverStore\FileRepository\iigd_dch.inf_amd64_959d3d8d8ef6604f\ig9icd64.dll
0x00007ffcb36d0000 - 0x00007ffcb37c7000 	C:\WINDOWS\system32\dxgi.dll
0x00007ffc72820000 - 0x00007ffc7294c000 	C:\WINDOWS\System32\DriverStore\FileRepository\iigd_dch.inf_amd64_959d3d8d8ef6604f\igdml64.dll
0x00007ffc9a4e0000 - 0x00007ffc9a8e9000 	C:\WINDOWS\System32\DriverStore\FileRepository\iigd_dch.inf_amd64_959d3d8d8ef6604f\igdgmm64.dll
0x00007ffc77950000 - 0x00007ffc7b0e6000 	C:\WINDOWS\System32\DriverStore\FileRepository\iigd_dch.inf_amd64_959d3d8d8ef6604f\igc64.dll
0x00007ffcb6000000 - 0x00007ffcb604d000 	C:\WINDOWS\SYSTEM32\powrprof.dll
0x00007ffcb5fe0000 - 0x00007ffcb5ff3000 	C:\WINDOWS\SYSTEM32\UMPDC.dll
0x00007ffc7b680000 - 0x00007ffc7b702000 	C:\Program Files\AdoptOpenJDK\jdk-15.0.2.7-hotspot\bin\freetype.dll
0x00007ffc75ba0000 - 0x00007ffc75c46000 	C:\Program Files\AdoptOpenJDK\jdk-15.0.2.7-hotspot\bin\fontmanager.dll
0x00007ffc92850000 - 0x00007ffc92993000 	C:\WINDOWS\SYSTEM32\textinputframework.dll
0x00007ffc7d3f0000 - 0x00007ffc7d408000 	C:\Program Files\AdoptOpenJDK\jdk-15.0.2.7-hotspot\bin\zip.dll
0x00007ffc91690000 - 0x00007ffc916a9000 	C:\Program Files\AdoptOpenJDK\jdk-15.0.2.7-hotspot\bin\net.dll
0x00007ffcafac0000 - 0x00007ffcafbec000 	C:\WINDOWS\SYSTEM32\WINHTTP.dll
0x00007ffc8ae00000 - 0x00007ffc8ae12000 	C:\Program Files\AdoptOpenJDK\jdk-15.0.2.7-hotspot\bin\nio.dll
0x00007ffcb2af0000 - 0x00007ffcb2c25000 	C:\WINDOWS\SYSTEM32\CoreMessaging.dll
0x00007ffca1100000 - 0x00007ffca146c000 	C:\WINDOWS\SYSTEM32\CoreUIComponents.dll
0x00007ffcb5840000 - 0x00007ffcb584c000 	C:\WINDOWS\SYSTEM32\CRYPTBASE.DLL
0x00007ffc91830000 - 0x00007ffc91841000 	C:\Program Files\AdoptOpenJDK\jdk-15.0.2.7-hotspot\bin\jsound.dll
0x00007ffc724b0000 - 0x00007ffc72552000 	C:\WINDOWS\SYSTEM32\DSOUND.dll
0x00007ffcab240000 - 0x00007ffcab269000 	C:\WINDOWS\SYSTEM32\winmmbase.dll
0x00007ffc723f0000 - 0x00007ffc724a1000 	C:\WINDOWS\SYSTEM32\ResampleDmo.DLL
0x00007ffc913f0000 - 0x00007ffc913fb000 	C:\WINDOWS\SYSTEM32\msdmo.dll
0x00007ffcad9d0000 - 0x00007ffcada6e000 	C:\WINDOWS\System32\MMDevApi.dll
0x00007ffcb5d00000 - 0x00007ffcb5d2c000 	C:\WINDOWS\System32\DEVOBJ.dll
0x00007ffcb5d30000 - 0x00007ffcb5d7e000 	C:\WINDOWS\SYSTEM32\cfgmgr32.dll
0x00007ffc8e460000 - 0x00007ffc8e4a6000 	C:\WINDOWS\SYSTEM32\wdmaud.drv
0x00007ffcab400000 - 0x00007ffcab40b000 	C:\WINDOWS\SYSTEM32\AVRT.dll
0x00007ffcb2a20000 - 0x00007ffcb2a29000 	C:\WINDOWS\SYSTEM32\ksuser.dll
0x00007ffca75a0000 - 0x00007ffca778e000 	C:\WINDOWS\SYSTEM32\AUDIOSES.DLL
0x00007ffca57d0000 - 0x00007ffca57de000 	C:\WINDOWS\SYSTEM32\msacm32.drv
0x00007ffca5840000 - 0x00007ffca585e000 	C:\WINDOWS\SYSTEM32\MSACM32.dll
0x00007ffca1930000 - 0x00007ffca193b000 	C:\WINDOWS\SYSTEM32\midimap.dll
0x00007ffc97960000 - 0x00007ffc97add000 	C:\Windows\System32\Windows.UI.dll
0x00007ffcb3a50000 - 0x00007ffcb3a65000 	C:\WINDOWS\SYSTEM32\resourcepolicyclient.dll

dbghelp: loaded successfully - version: 4.0.5 - missing functions: none
symbol engine: initialized successfully - sym options: 0x614 - pdb path: .;C:\Program Files\AdoptOpenJDK\jdk-15.0.2.7-hotspot\bin;C:\WINDOWS\SYSTEM32;C:\WINDOWS\WinSxS\amd64_microsoft.windows.common-controls_6595b64144ccf1df_6.0.22621.4830_none_270fe7d773858e80;C:\Program Files\AdoptOpenJDK\jdk-15.0.2.7-hotspot\bin\server;C:\WINDOWS\System32\DriverStore\FileRepository\iigd_dch.inf_amd64_959d3d8d8ef6604f

VM Arguments:
jvm_args: -agentlib:jdwp=transport=dt_socket,server=n,suspend=y,address=localhost:49923 -XX:+ShowCodeDetailsInExceptionMessages -Dfile.encoding=UTF-8 
java_command: Main
java_class_path (initial): C:\Users\dylanlevy26\AppData\Roaming\Code\User\workspaceStorage\fe9d8783f137162bb57e80bf46acd9fa\redhat.java\jdt_ws\GameProject_9d18782d\bin
Launcher Type: SUN_STANDARD

[Global flags]
     intx CICompilerCount                          = 4                                         {product} {ergonomic}
     uint ConcGCThreads                            = 3                                         {product} {ergonomic}
     uint G1ConcRefinementThreads                  = 10                                        {product} {ergonomic}
   size_t G1HeapRegionSize                         = 2097152                                   {product} {ergonomic}
    uintx GCDrainStackTargetSize                   = 64                                        {product} {ergonomic}
   size_t InitialHeapSize                          = 266338304                                 {product} {ergonomic}
   size_t MarkStackSize                            = 4194304                                   {product} {ergonomic}
   size_t MaxHeapSize                              = 4248829952                                {product} {ergonomic}
   size_t MaxNewSize                               = 2548039680                                {product} {ergonomic}
   size_t MinHeapDeltaBytes                        = 2097152                                   {product} {ergonomic}
   size_t MinHeapSize                              = 8388608                                   {product} {ergonomic}
    uintx NonNMethodCodeHeapSize                   = 5839372                                {pd product} {ergonomic}
    uintx NonProfiledCodeHeapSize                  = 122909434                              {pd product} {ergonomic}
    uintx ProfiledCodeHeapSize                     = 122909434                              {pd product} {ergonomic}
    uintx ReservedCodeCacheSize                    = 251658240                              {pd product} {ergonomic}
     bool SegmentedCodeCache                       = true                                      {product} {ergonomic}
     bool ShowCodeDetailsInExceptionMessages       = true                                   {manageable} {command line}
   size_t SoftMaxHeapSize                          = 4248829952                             {manageable} {ergonomic}
     bool UseCompressedClassPointers               = true                                 {lp64_product} {ergonomic}
     bool UseCompressedOops                        = true                                 {lp64_product} {ergonomic}
     bool UseG1GC                                  = true                                      {product} {ergonomic}
     bool UseLargePagesIndividualAllocation        = false                                  {pd product} {ergonomic}

Logging:
Log output configuration:
 #0: stdout all=warning uptime,level,tags
 #1: stderr all=off uptime,level,tags

Environment Variables:
PATH=C:\Program Files\AdoptOpenJDK\jdk-15.0.2.7-hotspot\bin;C:\Program Files\Common Files\Oracle\Java\javapath;C:\Program Files (x86)\Common Files\Oracle\Java\javapath;C:\WINDOWS\system32;C:\WINDOWS;C:\WINDOWS\System32\Wbem;C:\WINDOWS\System32\WindowsPowerShell\v1.0\;C:\WINDOWS\System32\OpenSSH\;C:\Program Files\Microsoft VS Code\bin;C:\Program Files\dotnet\;C:\Program Files\Microsoft SQL Server\130\Tools\Binn\;C:\Program Files\Microsoft SQL Server\Client SDK\ODBC\170\Tools\Binn\;C:\Program Files\Git\cmd;C:\Program Files (x86)\Common Files\Acronis\SnapAPI\;C:\Users\Administrator\AppData\Local\Programs\Python\Python39\Scripts\;C:\Users\Administrator\AppData\Local\Programs\Python\Python39\;C:\Users\dylanlevy26\AppData\Local\Microsoft\WindowsApps;C:\Users\Administrator\AppData\Local\GitHubDesktop\bin;C:\Program Files\JetBrains\IntelliJ IDEA Community Edition 2021.1.1\bin;;C:\Users\dylanlevy26\.dotnet\tools;
USERNAME=dylanlevy26
LANG=en_US.UTF-8
OS=Windows_NT
PROCESSOR_IDENTIFIER=Intel64 Family 6 Model 158 Stepping 10, GenuineIntel



---------------  S Y S T E M  ---------------

OS:
 Windows 10 , 64 bit Build 22621 (10.0.22621.4974)
OS uptime: 0 days 3:51 hours

CPU: total 12 (initial active 12) (6 cores per cpu, 2 threads per core) family 6 model 158 stepping 10 microcode 0xf8, cmov, cx8, fxsr, mmx, sse, sse2, sse3, ssse3, sse4.1, sse4.2, popcnt, vzeroupper, avx, avx2, aes, clmul, erms, rtm, 3dnowpref, lzcnt, ht, tsc, tscinvbit, bmi1, bmi2, adx, fma, clflush, clflushopt

Memory: 4k page, system-wide physical 16207M (5310M free)
TotalPageFile size 18639M (AvailPageFile size 6656M)
current process WorkingSet (physical memory assigned to process): 356M, peak: 370M
current process commit charge ("private bytes"): 441M, peak: 468M

vm_info: OpenJDK 64-Bit Server VM (15.0.2+7) for windows-amd64 JRE (15.0.2+7), built on Jan 21 2021 05:54:57 by "" with MS VC++ 15.9 (VS2017)

END.
