#
# A fatal error has been detected by the Java Runtime Environment:
#
#  EXCEPTION_ACCESS_VIOLATION (0xc0000005) at pc=0x00007ffc58d4402b, pid=3156, tid=21336
#
# JRE version: OpenJDK Runtime Environment AdoptOpenJDK (15.0.2+7) (build 15.0.2+7)
# Java VM: OpenJDK 64-Bit Server VM AdoptOpenJDK (15.0.2+7, mixed mode, sharing, tiered, compressed oops, g1 gc, windows-amd64)
# Problematic frame:
# C  [ig9icd64.dll+0x6e402b]
#
# No core dump will be written. Minidumps are not enabled by default on client versions of Windows
#
# If you would like to submit a bug report, please visit:
#   https://github.com/AdoptOpenJDK/openjdk-support/issues
# The crash happened outside the Java Virtual Machine in native code.
# See problematic frame for where to report the bug.
#

---------------  S U M M A R Y ------------

Command Line: -agentlib:jdwp=transport=dt_socket,server=n,suspend=y,address=localhost:55087 -XX:+ShowCodeDetailsInExceptionMessages -Dfile.encoding=UTF-8 Main

Host: Intel(R) Core(TM) i7-8700T CPU @ 2.40GHz, 12 cores, 15G,  Windows 10 , 64 bit Build 22621 (10.0.22621.4974)
Time: Thu May 22 11:37:21 2025 Eastern Daylight Time elapsed time: 2.546899 seconds (0d 0h 0m 2s)

---------------  T H R E A D  ---------------

Current thread (0x00000261cd28ebf0):  JavaThread "Java2D Queue Flusher" daemon [_thread_in_native, id=21336, stack(0x0000009f9db00000,0x0000009f9dc00000)]

Stack: [0x0000009f9db00000,0x0000009f9dc00000],  sp=0x0000009f9dbfdc10,  free space=1015k
Native frames: (J=compiled Java code, j=interpreted, Vv=VM code, C=native code)
C  [ig9icd64.dll+0x6e402b]

Java frames: (J=compiled Java code, j=interpreted, Vv=VM code)
J 1141  sun.java2d.opengl.OGLRenderQueue.flushBuffer(JI)V java.desktop@15.0.2 (0 bytes) @ 0x00000261b8b610eb [0x00000261b8b610a0+0x000000000000004b]
J 1138 c1 sun.java2d.opengl.OGLRenderQueue.flushBuffer()V java.desktop@15.0.2 (41 bytes) @ 0x00000261b1775694 [0x00000261b1775560+0x0000000000000134]
j  sun.java2d.opengl.OGLRenderQueue$QueueFlusher.run()V+81 java.desktop@15.0.2
j  java.lang.Thread.run()V+11 java.base@15.0.2
v  ~StubRoutines::call_stub

siginfo: EXCEPTION_ACCESS_VIOLATION (0xc0000005), reading address 0x0000000000000150


Register to memory mapping:

RIP=0x00007ffc58d4402b ig9icd64.dll
RAX=0x0000000000000150 is an unknown value
RBX=0x0 is NULL
RCX=0x0000000000000001 is an unknown value
RDX=0x0 is NULL
RSP=0x0000009f9dbfdc10 is pointing into the stack for thread: 0x00000261cd28ebf0
RBP=0x0000009f9dbfdd10 is pointing into the stack for thread: 0x00000261cd28ebf0
RSI=0x00000261cde272c0 points into unknown readable memory: 0x00000261cdab7ec0 | c0 7e ab cd 61 02 00 00
RDI=0x0 is NULL
R8 =0x0000009f9dbfdc84 is pointing into the stack for thread: 0x00000261cd28ebf0
R9 =0x000000000000000e is an unknown value
R10=0x0000000000000018 is an unknown value
R11=0x0000009f9dbfe9e0 is pointing into the stack for thread: 0x00000261cd28ebf0
R12=0x0000000000000001 is an unknown value
R13=0x00000261cde5be40 points into unknown readable memory: 0x00000261cd487c00 | 00 7c 48 cd 61 02 00 00
R14=0x0 is NULL
R15=0x00000261cde60980 points into unknown readable memory: 0x0000000300000001 | 01 00 00 00 03 00 00 00


Registers:
RAX=0x0000000000000150, RBX=0x0000000000000000, RCX=0x0000000000000001, RDX=0x0000000000000000
RSP=0x0000009f9dbfdc10, RBP=0x0000009f9dbfdd10, RSI=0x00000261cde272c0, RDI=0x0000000000000000
R8 =0x0000009f9dbfdc84, R9 =0x000000000000000e, R10=0x0000000000000018, R11=0x0000009f9dbfe9e0
R12=0x0000000000000001, R13=0x00000261cde5be40, R14=0x0000000000000000, R15=0x00000261cde60980
RIP=0x00007ffc58d4402b, EFLAGS=0x0000000000010206

Top of Stack: (sp=0x0000009f9dbfdc10)
0x0000009f9dbfdc10:   0000000000000000 0000009f9dbfdd10
0x0000009f9dbfdc20:   00000261cde272c0 0000000000000000
0x0000009f9dbfdc30:   0000000000000000 0000000000000000
0x0000009f9dbfdc40:   000002610000001d 00000261cde272c0
0x0000009f9dbfdc50:   0000000000000000 0000000000000000
0x0000009f9dbfdc60:   0000000100000002 0000000300000000
0x0000009f9dbfdc70:   0000000000000004 00007dd9d52a529e
0x0000009f9dbfdc80:   0000020000000000 00007ffc0000001d
0x0000009f9dbfdc90:   00000261d43cb1e0 0000000000000000
0x0000009f9dbfdca0:   0000000000000000 0000009f9dbfded0
0x0000009f9dbfdcb0:   0000000000000000 00000261cde60980
0x0000009f9dbfdcc0:   0000009f9dbfe840 0000000000000000
0x0000009f9dbfdcd0:   0000000000000000 0000000000000000
0x0000009f9dbfdce0:   0000020000000000 00000261ce162650
0x0000009f9dbfdcf0:   0000000000000000 0000000000000000
0x0000009f9dbfdd00:   0000000000000000 00000261d447dc50 

Instructions: (pc=0x00007ffc58d4402b)
0x00007ffc58d43f2b:   8b 55 90 48 8b 82 a0 05 00 00 48 85 c0 74 1f 66
0x00007ffc58d43f3b:   0f 1f 44 00 00 39 08 74 0b 48 8b 40 50 48 85 c0
0x00007ffc58d43f4b:   75 f3 eb 0a 48 83 c0 08 eb 1e 48 8b 55 90 80 ba
0x00007ffc58d43f5b:   a8 05 00 00 00 74 1b 8b c1 83 e0 0f 48 8d 04 c0
0x00007ffc58d43f6b:   48 8d 40 21 48 8d 04 c2 48 85 c0 74 05 48 8b 08
0x00007ffc58d43f7b:   eb 03 48 8b cf 49 8b 45 30 48 3b 88 48 01 00 00
0x00007ffc58d43f8b:   0f 87 b3 00 00 00 4c 8d be c0 96 03 00 4c 89 7d
0x00007ffc58d43f9b:   a8 41 8b 0f 83 f9 10 73 11 48 8d 04 cd 21 00 00
0x00007ffc58d43fab:   00 48 8b 55 88 48 03 c1 eb 6d 8d 51 f0 8b c2 c1
0x00007ffc58d43fbb:   e8 04 83 f8 03 73 21 0f ae e8 83 e2 0f 4c 8b 45
0x00007ffc58d43fcb:   88 4d 8b 84 c0 88 05 00 00 4d 85 c0 74 2f 48 8d
0x00007ffc58d43fdb:   0c d2 49 8d 04 c8 eb 43 48 8b 55 88 48 8b 82 a0
0x00007ffc58d43feb:   05 00 00 48 85 c0 74 19 39 08 74 0b 48 8b 40 50
0x00007ffc58d43ffb:   48 85 c0 75 f3 eb 0a 48 83 c0 08 eb 1e 48 8b 55
0x00007ffc58d4400b:   88 80 ba a8 05 00 00 00 74 1b 8b c1 83 e0 0f 48
0x00007ffc58d4401b:   8d 04 c0 48 8d 40 21 48 8d 04 c2 48 85 c0 74 05
0x00007ffc58d4402b:   48 8b 08 eb 03 48 8b cf 49 8b 45 30 48 3b 88 48
0x00007ffc58d4403b:   01 00 00 0f 86 94 01 00 00 4c 89 7d a8 65 48 8b
0x00007ffc58d4404b:   14 25 58 00 00 00 4a 8b 04 ca 41 8b 0c 02 39 0d
0x00007ffc58d4405b:   81 e9 8f 00 0f 8e b6 00 00 00 48 8d 0d 74 e9 8f
0x00007ffc58d4406b:   00 e8 37 b2 e8 ff 83 3d 68 e9 8f 00 ff 0f 85 9d
0x00007ffc58d4407b:   00 00 00 48 89 bd 18 03 00 00 c7 85 1c 03 00 00
0x00007ffc58d4408b:   00 04 00 00 48 89 bd 00 03 00 00 c7 85 04 03 00
0x00007ffc58d4409b:   00 04 00 00 00 48 89 bd 88 05 00 00 c7 85 8c 05
0x00007ffc58d440ab:   00 00 08 00 00 00 48 89 bd 70 05 00 00 c7 85 74
0x00007ffc58d440bb:   05 00 00 10 00 00 00 48 89 bd 58 05 00 00 c7 85
0x00007ffc58d440cb:   5c 05 00 00 00 00 10 00 48 8b 85 58 05 00 00 48
0x00007ffc58d440db:   0b 85 70 05 00 00 48 0b 85 88 05 00 00 48 0b 85
0x00007ffc58d440eb:   00 03 00 00 48 0b 85 18 03 00 00 48 c7 05 ef e8
0x00007ffc58d440fb:   8f 00 00 00 00 00 48 89 3d f0 e8 8f 00 48 89 05
0x00007ffc58d4410b:   d9 e8 8f 00 48 8d 0d ca e8 8f 00 e8 21 b1 e8 ff
0x00007ffc58d4411b:   4d 8b 8d a8 3f 00 00 41 80 39 00 74 18 48 8b 05 


Stack slot to memory mapping:
stack at sp + 0 slots: 0x0 is NULL
stack at sp + 1 slots: 0x0000009f9dbfdd10 is pointing into the stack for thread: 0x00000261cd28ebf0
stack at sp + 2 slots: 0x00000261cde272c0 points into unknown readable memory: 0x00000261cdab7ec0 | c0 7e ab cd 61 02 00 00
stack at sp + 3 slots: 0x0 is NULL
stack at sp + 4 slots: 0x0 is NULL
stack at sp + 5 slots: 0x0 is NULL
stack at sp + 6 slots: 0x000002610000001d is an unknown value
stack at sp + 7 slots: 0x00000261cde272c0 points into unknown readable memory: 0x00000261cdab7ec0 | c0 7e ab cd 61 02 00 00


---------------  P R O C E S S  ---------------

Threads class SMR info:
_java_thread_list=0x00000261cde69490, length=29, elements={
0x00000261cc84adb0, 0x00000261cc84b980, 0x00000261cc869380, 0x00000261cc86c240,
0x00000261cc86cf00, 0x00000261cc86f1b0, 0x00000261cc870c70, 0x00000261cc87cb80,
0x00000261cd278190, 0x00000261cd279460, 0x00000261cd27a160, 0x00000261cd28ab30,
0x00000261cd292810, 0x00000261cd496d50, 0x00000261cd49dff0, 0x00000261cda6a860,
0x00000261cda75d00, 0x00000261a8b2fe50, 0x00000261cd28ebf0, 0x00000261ce167730,
0x00000261ce18a230, 0x00000261ce1983a0, 0x00000261ce198870, 0x00000261ce197a00,
0x00000261ce197530, 0x00000261ce1961f0, 0x00000261ce199210, 0x00000261ce198d40,
0x00000261ce196b90
}

Java Threads: ( => current thread )
  0x00000261cc84adb0 JavaThread "Reference Handler" daemon [_thread_blocked, id=21840, stack(0x0000009f9c900000,0x0000009f9ca00000)]
  0x00000261cc84b980 JavaThread "Finalizer" daemon [_thread_blocked, id=22524, stack(0x0000009f9ca00000,0x0000009f9cb00000)]
  0x00000261cc869380 JavaThread "Signal Dispatcher" daemon [_thread_blocked, id=21680, stack(0x0000009f9cb00000,0x0000009f9cc00000)]
  0x00000261cc86c240 JavaThread "Attach Listener" daemon [_thread_blocked, id=21608, stack(0x0000009f9cc00000,0x0000009f9cd00000)]
  0x00000261cc86cf00 JavaThread "Service Thread" daemon [_thread_blocked, id=21796, stack(0x0000009f9cd00000,0x0000009f9ce00000)]
  0x00000261cc86f1b0 JavaThread "C2 CompilerThread0" daemon [_thread_blocked, id=22248, stack(0x0000009f9ce00000,0x0000009f9cf00000)]
  0x00000261cc870c70 JavaThread "C1 CompilerThread0" daemon [_thread_blocked, id=22432, stack(0x0000009f9cf00000,0x0000009f9d000000)]
  0x00000261cc87cb80 JavaThread "Sweeper thread" daemon [_thread_blocked, id=22468, stack(0x0000009f9d000000,0x0000009f9d100000)]
  0x00000261cd278190 JavaThread "JDWP Transport Listener: dt_socket" daemon [_thread_blocked, id=7136, stack(0x0000009f9d100000,0x0000009f9d200000)]
  0x00000261cd279460 JavaThread "JDWP Event Helper Thread" daemon [_thread_blocked, id=19672, stack(0x0000009f9d200000,0x0000009f9d300000)]
  0x00000261cd27a160 JavaThread "JDWP Command Reader" daemon [_thread_in_native, id=21752, stack(0x0000009f9d300000,0x0000009f9d400000)]
  0x00000261cd28ab30 JavaThread "Notification Thread" daemon [_thread_blocked, id=21648, stack(0x0000009f9d400000,0x0000009f9d500000)]
  0x00000261cd292810 JavaThread "Common-Cleaner" daemon [_thread_blocked, id=20632, stack(0x0000009f9d600000,0x0000009f9d700000)]
  0x00000261cd496d50 JavaThread "Java2D Disposer" daemon [_thread_blocked, id=4940, stack(0x0000009f9d700000,0x0000009f9d800000)]
  0x00000261cd49dff0 JavaThread "AWT-Shutdown" [_thread_blocked, id=21012, stack(0x0000009f9d800000,0x0000009f9d900000)]
  0x00000261cda6a860 JavaThread "AWT-Windows" daemon [_thread_in_native, id=5048, stack(0x0000009f9d900000,0x0000009f9da00000)]
  0x00000261cda75d00 JavaThread "AWT-EventQueue-0" [_thread_blocked, id=5552, stack(0x0000009f9da00000,0x0000009f9db00000)]
  0x00000261a8b2fe50 JavaThread "DestroyJavaVM" [_thread_blocked, id=22440, stack(0x0000009f9c200000,0x0000009f9c300000)]
=>0x00000261cd28ebf0 JavaThread "Java2D Queue Flusher" daemon [_thread_in_native, id=21336, stack(0x0000009f9db00000,0x0000009f9dc00000)]
  0x00000261ce167730 JavaThread "ForkJoinPool.commonPool-worker-19" daemon [_thread_blocked, id=21396, stack(0x0000009f9df00000,0x0000009f9e000000)]
  0x00000261ce18a230 JavaThread "ForkJoinPool.commonPool-worker-5" daemon [_thread_blocked, id=22240, stack(0x0000009f9e000000,0x0000009f9e100000)]
  0x00000261ce1983a0 JavaThread "ForkJoinPool.commonPool-worker-9" daemon [_thread_blocked, id=22304, stack(0x0000009f9e100000,0x0000009f9e200000)]
  0x00000261ce198870 JavaThread "ForkJoinPool.commonPool-worker-23" daemon [_thread_blocked, id=22224, stack(0x0000009f9e200000,0x0000009f9e300000)]
  0x00000261ce197a00 JavaThread "ForkJoinPool.commonPool-worker-27" daemon [_thread_blocked, id=22232, stack(0x0000009f9e300000,0x0000009f9e400000)]
  0x00000261ce197530 JavaThread "Thread-0" [_thread_blocked, id=22124, stack(0x0000009f9eb00000,0x0000009f9ec00000)]
  0x00000261ce1961f0 JavaThread "Thread-1" [_thread_blocked, id=20988, stack(0x0000009f9ec00000,0x0000009f9ed00000)]
  0x00000261ce199210 JavaThread "SIGINT handler" daemon [_thread_blocked, id=21760, stack(0x0000009f9e400000,0x0000009f9e500000)]
  0x00000261ce198d40 JavaThread "ToolkitShutdown" daemon [_thread_in_native, id=21772, stack(0x0000009f9e500000,0x0000009f9e600000)]
  0x00000261ce196b90 JavaThread "SIGINT handler" daemon [_thread_blocked, id=11500, stack(0x0000009f9ee00000,0x0000009f9ef00000)]

Other Threads:
  0x00000261cc849530 VMThread "VM Thread" [stack: 0x0000009f9c800000,0x0000009f9c900000] [id=14912]
  0x00000261cd28c230 WatcherThread [stack: 0x0000009f9d500000,0x0000009f9d600000] [id=22472]
  0x00000261a8b82460 GCTaskThread "GC Thread#0" [stack: 0x0000009f9c300000,0x0000009f9c400000] [id=21400]
  0x00000261cd488bf0 GCTaskThread "GC Thread#1" [stack: 0x0000009f9e600000,0x0000009f9e700000] [id=22140]
  0x00000261cd4868e0 GCTaskThread "GC Thread#2" [stack: 0x0000009f9e700000,0x0000009f9e800000] [id=22108]
  0x00000261cd487f30 GCTaskThread "GC Thread#3" [stack: 0x0000009f9e800000,0x0000009f9e900000] [id=22112]
  0x00000261cd486c10 GCTaskThread "GC Thread#4" [stack: 0x0000009f9e900000,0x0000009f9ea00000] [id=22152]
  0x00000261cd488f20 GCTaskThread "GC Thread#5" [stack: 0x0000009f9ea00000,0x0000009f9eb00000] [id=21468]
  0x00000261a8b93470 ConcurrentGCThread "G1 Main Marker" [stack: 0x0000009f9c400000,0x0000009f9c500000] [id=22460]
  0x00000261a8b950f0 ConcurrentGCThread "G1 Conc#0" [stack: 0x0000009f9c500000,0x0000009f9c600000] [id=21812]
  0x00000261a8bfeb50 ConcurrentGCThread "G1 Refine#0" [stack: 0x0000009f9c600000,0x0000009f9c700000] [id=21732]
  0x00000261cc7439a0 ConcurrentGCThread "G1 Young RemSet Sampling" [stack: 0x0000009f9c700000,0x0000009f9c800000] [id=21684]

Threads with active compile tasks:

VM state: not at safepoint (normal execution)

VM Mutex/Monitor currently owned by a thread: None

Heap address: 0x0000000702c00000, size: 4052 MB, Compressed Oops mode: Zero based, Oop shift amount: 3
CDS archive(s) mapped at: [0x0000000800000000-0x0000000800b50000-0x0000000800b50000), size 11862016, SharedBaseAddress: 0x0000000800000000, ArchiveRelocationMode: 0.
Compressed class space mapped at: 0x0000000800b50000-0x0000000840b50000, size: 1073741824
Narrow klass base: 0x0000000800000000, Narrow klass shift: 3, Narrow klass range: 0x100000000

GC Precious Log:
 CPUs: 12 total, 12 available
 Memory: 16207M
 Large Page Support: Disabled
 NUMA Support: Disabled
 Compressed Oops: Enabled (Zero based)
 Heap Region Size: 2M
 Heap Min Capacity: 8M
 Heap Initial Capacity: 254M
 Heap Max Capacity: 4052M
 Pre-touch: Disabled
 Parallel Workers: 10
 Concurrent Workers: 3
 Concurrent Refinement Workers: 10
 Periodic GC: Disabled

Heap:
 garbage-first heap   total 260096K, used 16568K [0x0000000702c00000, 0x0000000800000000)
  region size 2048K, 5 young (10240K), 2 survivors (4096K)
 Metaspace       used 8508K, capacity 8696K, committed 8960K, reserved 1056768K
  class space    used 865K, capacity 928K, committed 1024K, reserved 1048576K

Heap Regions: E=young(eden), S=young(survivor), O=old, HS=humongous(starts), HC=humongous(continues), CS=collection set, F=free, OA=open archive, CA=closed archive, TAMS=top-at-mark-start (previous, next)
|   0|0x0000000702c00000, 0x0000000702e00000, 0x0000000702e00000|100%| O|  |TAMS 0x0000000702c00000, 0x0000000702c00000| Untracked 
|   1|0x0000000702e00000, 0x0000000703000000, 0x0000000703000000|100%| O|  |TAMS 0x0000000702e00000, 0x0000000702e00000| Untracked 
|   2|0x0000000703000000, 0x000000070302e000, 0x0000000703200000|  8%| O|  |TAMS 0x0000000703000000, 0x0000000703000000| Untracked 
|   3|0x0000000703200000, 0x0000000703400000, 0x0000000703400000|100%|HS|  |TAMS 0x0000000703200000, 0x0000000703200000| Complete 
|   4|0x0000000703400000, 0x0000000703600000, 0x0000000703600000|100%|HC|  |TAMS 0x0000000703400000, 0x0000000703400000| Complete 
|   5|0x0000000703600000, 0x0000000703800000, 0x0000000703800000|100%|HC|  |TAMS 0x0000000703600000, 0x0000000703600000| Complete 
|   6|0x0000000703800000, 0x0000000703800000, 0x0000000703a00000|  0%| F|  |TAMS 0x0000000703800000, 0x0000000703800000| Untracked 
|   7|0x0000000703a00000, 0x0000000703a00000, 0x0000000703c00000|  0%| F|  |TAMS 0x0000000703a00000, 0x0000000703a00000| Untracked 
|   8|0x0000000703c00000, 0x0000000703c00000, 0x0000000703e00000|  0%| F|  |TAMS 0x0000000703c00000, 0x0000000703c00000| Untracked 
|   9|0x0000000703e00000, 0x0000000703e00000, 0x0000000704000000|  0%| F|  |TAMS 0x0000000703e00000, 0x0000000703e00000| Untracked 
|  10|0x0000000704000000, 0x0000000704000000, 0x0000000704200000|  0%| F|  |TAMS 0x0000000704000000, 0x0000000704000000| Untracked 
|  11|0x0000000704200000, 0x0000000704200000, 0x0000000704400000|  0%| F|  |TAMS 0x0000000704200000, 0x0000000704200000| Untracked 
|  12|0x0000000704400000, 0x0000000704400000, 0x0000000704600000|  0%| F|  |TAMS 0x0000000704400000, 0x0000000704400000| Untracked 
|  13|0x0000000704600000, 0x0000000704600000, 0x0000000704800000|  0%| F|  |TAMS 0x0000000704600000, 0x0000000704600000| Untracked 
|  14|0x0000000704800000, 0x0000000704800000, 0x0000000704a00000|  0%| F|  |TAMS 0x0000000704800000, 0x0000000704800000| Untracked 
|  15|0x0000000704a00000, 0x0000000704a00000, 0x0000000704c00000|  0%| F|  |TAMS 0x0000000704a00000, 0x0000000704a00000| Untracked 
|  16|0x0000000704c00000, 0x0000000704c00000, 0x0000000704e00000|  0%| F|  |TAMS 0x0000000704c00000, 0x0000000704c00000| Untracked 
|  17|0x0000000704e00000, 0x0000000704e00000, 0x0000000705000000|  0%| F|  |TAMS 0x0000000704e00000, 0x0000000704e00000| Untracked 
|  18|0x0000000705000000, 0x0000000705000000, 0x0000000705200000|  0%| F|  |TAMS 0x0000000705000000, 0x0000000705000000| Untracked 
|  19|0x0000000705200000, 0x0000000705200000, 0x0000000705400000|  0%| F|  |TAMS 0x0000000705200000, 0x0000000705200000| Untracked 
|  20|0x0000000705400000, 0x0000000705400000, 0x0000000705600000|  0%| F|  |TAMS 0x0000000705400000, 0x0000000705400000| Untracked 
|  21|0x0000000705600000, 0x0000000705600000, 0x0000000705800000|  0%| F|  |TAMS 0x0000000705600000, 0x0000000705600000| Untracked 
|  22|0x0000000705800000, 0x0000000705800000, 0x0000000705a00000|  0%| F|  |TAMS 0x0000000705800000, 0x0000000705800000| Untracked 
|  23|0x0000000705a00000, 0x0000000705a00000, 0x0000000705c00000|  0%| F|  |TAMS 0x0000000705a00000, 0x0000000705a00000| Untracked 
|  24|0x0000000705c00000, 0x0000000705c00000, 0x0000000705e00000|  0%| F|  |TAMS 0x0000000705c00000, 0x0000000705c00000| Untracked 
|  25|0x0000000705e00000, 0x0000000705e00000, 0x0000000706000000|  0%| F|  |TAMS 0x0000000705e00000, 0x0000000705e00000| Untracked 
|  26|0x0000000706000000, 0x0000000706000000, 0x0000000706200000|  0%| F|  |TAMS 0x0000000706000000, 0x0000000706000000| Untracked 
|  27|0x0000000706200000, 0x0000000706200000, 0x0000000706400000|  0%| F|  |TAMS 0x0000000706200000, 0x0000000706200000| Untracked 
|  28|0x0000000706400000, 0x0000000706400000, 0x0000000706600000|  0%| F|  |TAMS 0x0000000706400000, 0x0000000706400000| Untracked 
|  29|0x0000000706600000, 0x0000000706600000, 0x0000000706800000|  0%| F|  |TAMS 0x0000000706600000, 0x0000000706600000| Untracked 
|  30|0x0000000706800000, 0x0000000706800000, 0x0000000706a00000|  0%| F|  |TAMS 0x0000000706800000, 0x0000000706800000| Untracked 
|  31|0x0000000706a00000, 0x0000000706a00000, 0x0000000706c00000|  0%| F|  |TAMS 0x0000000706a00000, 0x0000000706a00000| Untracked 
|  32|0x0000000706c00000, 0x0000000706c00000, 0x0000000706e00000|  0%| F|  |TAMS 0x0000000706c00000, 0x0000000706c00000| Untracked 
|  33|0x0000000706e00000, 0x0000000706e00000, 0x0000000707000000|  0%| F|  |TAMS 0x0000000706e00000, 0x0000000706e00000| Untracked 
|  34|0x0000000707000000, 0x0000000707000000, 0x0000000707200000|  0%| F|  |TAMS 0x0000000707000000, 0x0000000707000000| Untracked 
|  35|0x0000000707200000, 0x0000000707200000, 0x0000000707400000|  0%| F|  |TAMS 0x0000000707200000, 0x0000000707200000| Untracked 
|  36|0x0000000707400000, 0x0000000707400000, 0x0000000707600000|  0%| F|  |TAMS 0x0000000707400000, 0x0000000707400000| Untracked 
|  37|0x0000000707600000, 0x0000000707600000, 0x0000000707800000|  0%| F|  |TAMS 0x0000000707600000, 0x0000000707600000| Untracked 
|  38|0x0000000707800000, 0x0000000707800000, 0x0000000707a00000|  0%| F|  |TAMS 0x0000000707800000, 0x0000000707800000| Untracked 
|  39|0x0000000707a00000, 0x0000000707a00000, 0x0000000707c00000|  0%| F|  |TAMS 0x0000000707a00000, 0x0000000707a00000| Untracked 
|  40|0x0000000707c00000, 0x0000000707c00000, 0x0000000707e00000|  0%| F|  |TAMS 0x0000000707c00000, 0x0000000707c00000| Untracked 
|  41|0x0000000707e00000, 0x0000000707e00000, 0x0000000708000000|  0%| F|  |TAMS 0x0000000707e00000, 0x0000000707e00000| Untracked 
|  42|0x0000000708000000, 0x0000000708000000, 0x0000000708200000|  0%| F|  |TAMS 0x0000000708000000, 0x0000000708000000| Untracked 
|  43|0x0000000708200000, 0x0000000708200000, 0x0000000708400000|  0%| F|  |TAMS 0x0000000708200000, 0x0000000708200000| Untracked 
|  44|0x0000000708400000, 0x0000000708400000, 0x0000000708600000|  0%| F|  |TAMS 0x0000000708400000, 0x0000000708400000| Untracked 
|  45|0x0000000708600000, 0x0000000708600000, 0x0000000708800000|  0%| F|  |TAMS 0x0000000708600000, 0x0000000708600000| Untracked 
|  46|0x0000000708800000, 0x0000000708800000, 0x0000000708a00000|  0%| F|  |TAMS 0x0000000708800000, 0x0000000708800000| Untracked 
|  47|0x0000000708a00000, 0x0000000708a00000, 0x0000000708c00000|  0%| F|  |TAMS 0x0000000708a00000, 0x0000000708a00000| Untracked 
|  48|0x0000000708c00000, 0x0000000708c00000, 0x0000000708e00000|  0%| F|  |TAMS 0x0000000708c00000, 0x0000000708c00000| Untracked 
|  49|0x0000000708e00000, 0x0000000708e00000, 0x0000000709000000|  0%| F|  |TAMS 0x0000000708e00000, 0x0000000708e00000| Untracked 
|  50|0x0000000709000000, 0x0000000709000000, 0x0000000709200000|  0%| F|  |TAMS 0x0000000709000000, 0x0000000709000000| Untracked 
|  51|0x0000000709200000, 0x0000000709200000, 0x0000000709400000|  0%| F|  |TAMS 0x0000000709200000, 0x0000000709200000| Untracked 
|  52|0x0000000709400000, 0x0000000709400000, 0x0000000709600000|  0%| F|  |TAMS 0x0000000709400000, 0x0000000709400000| Untracked 
|  53|0x0000000709600000, 0x0000000709600000, 0x0000000709800000|  0%| F|  |TAMS 0x0000000709600000, 0x0000000709600000| Untracked 
|  54|0x0000000709800000, 0x0000000709800000, 0x0000000709a00000|  0%| F|  |TAMS 0x0000000709800000, 0x0000000709800000| Untracked 
|  55|0x0000000709a00000, 0x0000000709a00000, 0x0000000709c00000|  0%| F|  |TAMS 0x0000000709a00000, 0x0000000709a00000| Untracked 
|  56|0x0000000709c00000, 0x0000000709c00000, 0x0000000709e00000|  0%| F|  |TAMS 0x0000000709c00000, 0x0000000709c00000| Untracked 
|  57|0x0000000709e00000, 0x0000000709e00000, 0x000000070a000000|  0%| F|  |TAMS 0x0000000709e00000, 0x0000000709e00000| Untracked 
|  58|0x000000070a000000, 0x000000070a000000, 0x000000070a200000|  0%| F|  |TAMS 0x000000070a000000, 0x000000070a000000| Untracked 
|  59|0x000000070a200000, 0x000000070a200000, 0x000000070a400000|  0%| F|  |TAMS 0x000000070a200000, 0x000000070a200000| Untracked 
|  60|0x000000070a400000, 0x000000070a400000, 0x000000070a600000|  0%| F|  |TAMS 0x000000070a400000, 0x000000070a400000| Untracked 
|  61|0x000000070a600000, 0x000000070a600000, 0x000000070a800000|  0%| F|  |TAMS 0x000000070a600000, 0x000000070a600000| Untracked 
|  62|0x000000070a800000, 0x000000070a800000, 0x000000070aa00000|  0%| F|  |TAMS 0x000000070a800000, 0x000000070a800000| Untracked 
|  63|0x000000070aa00000, 0x000000070aa00000, 0x000000070ac00000|  0%| F|  |TAMS 0x000000070aa00000, 0x000000070aa00000| Untracked 
|  64|0x000000070ac00000, 0x000000070ac00000, 0x000000070ae00000|  0%| F|  |TAMS 0x000000070ac00000, 0x000000070ac00000| Untracked 
|  65|0x000000070ae00000, 0x000000070ae00000, 0x000000070b000000|  0%| F|  |TAMS 0x000000070ae00000, 0x000000070ae00000| Untracked 
|  66|0x000000070b000000, 0x000000070b000000, 0x000000070b200000|  0%| F|  |TAMS 0x000000070b000000, 0x000000070b000000| Untracked 
|  67|0x000000070b200000, 0x000000070b200000, 0x000000070b400000|  0%| F|  |TAMS 0x000000070b200000, 0x000000070b200000| Untracked 
|  68|0x000000070b400000, 0x000000070b400000, 0x000000070b600000|  0%| F|  |TAMS 0x000000070b400000, 0x000000070b400000| Untracked 
|  69|0x000000070b600000, 0x000000070b600000, 0x000000070b800000|  0%| F|  |TAMS 0x000000070b600000, 0x000000070b600000| Untracked 
|  70|0x000000070b800000, 0x000000070b800000, 0x000000070ba00000|  0%| F|  |TAMS 0x000000070b800000, 0x000000070b800000| Untracked 
|  71|0x000000070ba00000, 0x000000070ba00000, 0x000000070bc00000|  0%| F|  |TAMS 0x000000070ba00000, 0x000000070ba00000| Untracked 
|  72|0x000000070bc00000, 0x000000070bc00000, 0x000000070be00000|  0%| F|  |TAMS 0x000000070bc00000, 0x000000070bc00000| Untracked 
|  73|0x000000070be00000, 0x000000070be00000, 0x000000070c000000|  0%| F|  |TAMS 0x000000070be00000, 0x000000070be00000| Untracked 
|  74|0x000000070c000000, 0x000000070c000000, 0x000000070c200000|  0%| F|  |TAMS 0x000000070c000000, 0x000000070c000000| Untracked 
|  75|0x000000070c200000, 0x000000070c200000, 0x000000070c400000|  0%| F|  |TAMS 0x000000070c200000, 0x000000070c200000| Untracked 
|  76|0x000000070c400000, 0x000000070c400000, 0x000000070c600000|  0%| F|  |TAMS 0x000000070c400000, 0x000000070c400000| Untracked 
|  77|0x000000070c600000, 0x000000070c600000, 0x000000070c800000|  0%| F|  |TAMS 0x000000070c600000, 0x000000070c600000| Untracked 
|  78|0x000000070c800000, 0x000000070c800000, 0x000000070ca00000|  0%| F|  |TAMS 0x000000070c800000, 0x000000070c800000| Untracked 
|  79|0x000000070ca00000, 0x000000070ca00000, 0x000000070cc00000|  0%| F|  |TAMS 0x000000070ca00000, 0x000000070ca00000| Untracked 
|  80|0x000000070cc00000, 0x000000070cc00000, 0x000000070ce00000|  0%| F|  |TAMS 0x000000070cc00000, 0x000000070cc00000| Untracked 
|  81|0x000000070ce00000, 0x000000070ce00000, 0x000000070d000000|  0%| F|  |TAMS 0x000000070ce00000, 0x000000070ce00000| Untracked 
|  82|0x000000070d000000, 0x000000070d000000, 0x000000070d200000|  0%| F|  |TAMS 0x000000070d000000, 0x000000070d000000| Untracked 
|  83|0x000000070d200000, 0x000000070d200000, 0x000000070d400000|  0%| F|  |TAMS 0x000000070d200000, 0x000000070d200000| Untracked 
|  84|0x000000070d400000, 0x000000070d400000, 0x000000070d600000|  0%| F|  |TAMS 0x000000070d400000, 0x000000070d400000| Untracked 
|  85|0x000000070d600000, 0x000000070d600000, 0x000000070d800000|  0%| F|  |TAMS 0x000000070d600000, 0x000000070d600000| Untracked 
|  86|0x000000070d800000, 0x000000070d800000, 0x000000070da00000|  0%| F|  |TAMS 0x000000070d800000, 0x000000070d800000| Untracked 
|  87|0x000000070da00000, 0x000000070da00000, 0x000000070dc00000|  0%| F|  |TAMS 0x000000070da00000, 0x000000070da00000| Untracked 
|  88|0x000000070dc00000, 0x000000070dc00000, 0x000000070de00000|  0%| F|  |TAMS 0x000000070dc00000, 0x000000070dc00000| Untracked 
|  89|0x000000070de00000, 0x000000070de00000, 0x000000070e000000|  0%| F|  |TAMS 0x000000070de00000, 0x000000070de00000| Untracked 
|  90|0x000000070e000000, 0x000000070e000000, 0x000000070e200000|  0%| F|  |TAMS 0x000000070e000000, 0x000000070e000000| Untracked 
|  91|0x000000070e200000, 0x000000070e200000, 0x000000070e400000|  0%| F|  |TAMS 0x000000070e200000, 0x000000070e200000| Untracked 
|  92|0x000000070e400000, 0x000000070e400000, 0x000000070e600000|  0%| F|  |TAMS 0x000000070e400000, 0x000000070e400000| Untracked 
|  93|0x000000070e600000, 0x000000070e600000, 0x000000070e800000|  0%| F|  |TAMS 0x000000070e600000, 0x000000070e600000| Untracked 
|  94|0x000000070e800000, 0x000000070e800000, 0x000000070ea00000|  0%| F|  |TAMS 0x000000070e800000, 0x000000070e800000| Untracked 
|  95|0x000000070ea00000, 0x000000070ea00000, 0x000000070ec00000|  0%| F|  |TAMS 0x000000070ea00000, 0x000000070ea00000| Untracked 
|  96|0x000000070ec00000, 0x000000070ec00000, 0x000000070ee00000|  0%| F|  |TAMS 0x000000070ec00000, 0x000000070ec00000| Untracked 
|  97|0x000000070ee00000, 0x000000070ee00000, 0x000000070f000000|  0%| F|  |TAMS 0x000000070ee00000, 0x000000070ee00000| Untracked 
|  98|0x000000070f000000, 0x000000070f000000, 0x000000070f200000|  0%| F|  |TAMS 0x000000070f000000, 0x000000070f000000| Untracked 
|  99|0x000000070f200000, 0x000000070f200000, 0x000000070f400000|  0%| F|  |TAMS 0x000000070f200000, 0x000000070f200000| Untracked 
| 100|0x000000070f400000, 0x000000070f400000, 0x000000070f600000|  0%| F|  |TAMS 0x000000070f400000, 0x000000070f400000| Untracked 
| 101|0x000000070f600000, 0x000000070f600000, 0x000000070f800000|  0%| F|  |TAMS 0x000000070f600000, 0x000000070f600000| Untracked 
| 102|0x000000070f800000, 0x000000070f800000, 0x000000070fa00000|  0%| F|  |TAMS 0x000000070f800000, 0x000000070f800000| Untracked 
| 103|0x000000070fa00000, 0x000000070fa00000, 0x000000070fc00000|  0%| F|  |TAMS 0x000000070fa00000, 0x000000070fa00000| Untracked 
| 104|0x000000070fc00000, 0x000000070fc00000, 0x000000070fe00000|  0%| F|  |TAMS 0x000000070fc00000, 0x000000070fc00000| Untracked 
| 105|0x000000070fe00000, 0x000000070fe00000, 0x0000000710000000|  0%| F|  |TAMS 0x000000070fe00000, 0x000000070fe00000| Untracked 
| 106|0x0000000710000000, 0x0000000710000000, 0x0000000710200000|  0%| F|  |TAMS 0x0000000710000000, 0x0000000710000000| Untracked 
| 107|0x0000000710200000, 0x0000000710200000, 0x0000000710400000|  0%| F|  |TAMS 0x0000000710200000, 0x0000000710200000| Untracked 
| 108|0x0000000710400000, 0x0000000710400000, 0x0000000710600000|  0%| F|  |TAMS 0x0000000710400000, 0x0000000710400000| Untracked 
| 109|0x0000000710600000, 0x0000000710600000, 0x0000000710800000|  0%| F|  |TAMS 0x0000000710600000, 0x0000000710600000| Untracked 
| 110|0x0000000710800000, 0x0000000710800000, 0x0000000710a00000|  0%| F|  |TAMS 0x0000000710800000, 0x0000000710800000| Untracked 
| 111|0x0000000710a00000, 0x0000000710a00000, 0x0000000710c00000|  0%| F|  |TAMS 0x0000000710a00000, 0x0000000710a00000| Untracked 
| 112|0x0000000710c00000, 0x0000000710c00000, 0x0000000710e00000|  0%| F|  |TAMS 0x0000000710c00000, 0x0000000710c00000| Untracked 
| 113|0x0000000710e00000, 0x0000000710e00000, 0x0000000711000000|  0%| F|  |TAMS 0x0000000710e00000, 0x0000000710e00000| Untracked 
| 114|0x0000000711000000, 0x0000000711200000, 0x0000000711200000|100%| S|CS|TAMS 0x0000000711000000, 0x0000000711000000| Complete 
| 115|0x0000000711200000, 0x0000000711400000, 0x0000000711400000|100%| S|CS|TAMS 0x0000000711200000, 0x0000000711200000| Complete 
| 116|0x0000000711400000, 0x0000000711400000, 0x0000000711600000|  0%| F|  |TAMS 0x0000000711400000, 0x0000000711400000| Untracked 
| 117|0x0000000711600000, 0x0000000711600000, 0x0000000711800000|  0%| F|  |TAMS 0x0000000711600000, 0x0000000711600000| Untracked 
| 118|0x0000000711800000, 0x0000000711800000, 0x0000000711a00000|  0%| F|  |TAMS 0x0000000711800000, 0x0000000711800000| Untracked 
| 119|0x0000000711a00000, 0x0000000711a00000, 0x0000000711c00000|  0%| F|  |TAMS 0x0000000711a00000, 0x0000000711a00000| Untracked 
| 120|0x0000000711c00000, 0x0000000711c00000, 0x0000000711e00000|  0%| F|  |TAMS 0x0000000711c00000, 0x0000000711c00000| Untracked 
| 121|0x0000000711e00000, 0x0000000711e00000, 0x0000000712000000|  0%| F|  |TAMS 0x0000000711e00000, 0x0000000711e00000| Untracked 
| 122|0x0000000712000000, 0x0000000712000000, 0x0000000712200000|  0%| F|  |TAMS 0x0000000712000000, 0x0000000712000000| Untracked 
| 123|0x0000000712200000, 0x0000000712200000, 0x0000000712400000|  0%| F|  |TAMS 0x0000000712200000, 0x0000000712200000| Untracked 
| 124|0x0000000712400000, 0x000000071240fdd8, 0x0000000712600000|  3%| E|  |TAMS 0x0000000712400000, 0x0000000712400000| Complete 
| 125|0x0000000712600000, 0x0000000712800000, 0x0000000712800000|100%| E|CS|TAMS 0x0000000712600000, 0x0000000712600000| Complete 
| 126|0x0000000712800000, 0x0000000712a00000, 0x0000000712a00000|100%| E|  |TAMS 0x0000000712800000, 0x0000000712800000| Complete 

Card table byte_map: [0x00000261c0d70000,0x00000261c1560000] _byte_map_base: 0x00000261bd55a000

Marking Bits (Prev, Next): (CMBitMap*) 0x00000261a8b82cd0, (CMBitMap*) 0x00000261a8b82d10
 Prev Bits: [0x00000261c1d50000, 0x00000261c5ca0000)
 Next Bits: [0x00000261c5ca0000, 0x00000261c9bf0000)

Polling page: 0x00000261a6b10000

Metaspace:

Usage:
  Non-class:      7.59 MB capacity,     7.46 MB ( 98%) used,   113.56 KB (  1%) free+waste,    11.31 KB ( <1%) overhead. 
      Class:    928.00 KB capacity,   865.79 KB ( 93%) used,    57.59 KB (  6%) free+waste,     4.63 KB ( <1%) overhead. 
       Both:      8.49 MB capacity,     8.31 MB ( 98%) used,   171.15 KB (  2%) free+waste,    15.94 KB ( <1%) overhead. 

Virtual space:
  Non-class space:        8.00 MB reserved,       7.75 MB ( 97%) committed 
      Class space:        1.00 GB reserved,       1.00 MB ( <1%) committed 
             Both:        1.01 GB reserved,       8.75 MB ( <1%) committed 

Chunk freelists:
   Non-Class:  40.00 KB
       Class:  0 bytes
        Both:  40.00 KB

MaxMetaspaceSize: 17179869184.00 GB
CompressedClassSpaceSize: 1.00 GB

CodeHeap 'non-profiled nmethods': size=120000Kb used=398Kb max_used=398Kb free=119601Kb
 bounds [0x00000261b8b00000, 0x00000261b8d70000, 0x00000261c0030000]
CodeHeap 'profiled nmethods': size=120000Kb used=1849Kb max_used=1849Kb free=118150Kb
 bounds [0x00000261b15d0000, 0x00000261b1840000, 0x00000261b8b00000]
CodeHeap 'non-nmethods': size=5760Kb used=1364Kb max_used=1386Kb free=4395Kb
 bounds [0x00000261b1030000, 0x00000261b12a0000, 0x00000261b15d0000]
 total_blobs=1773 nmethods=1206 adapters=480
 compilation: enabled
              stopped_count=0, restarted_count=0
 full_count=0

Compilation events (20 events):
Event: 2.385 Thread 0x00000261cc870c70 1196       3       sun.font.ScriptRun::init (72 bytes)
Event: 2.385 Thread 0x00000261cc870c70 nmethod 1196 0x00000261b179a190 code [0x00000261b179a340, 0x00000261b179a6a8]
Event: 2.385 Thread 0x00000261cc870c70 1197       3       sun.font.GlyphLayout::nextEngineRecord (81 bytes)
Event: 2.386 Thread 0x00000261cc870c70 nmethod 1197 0x00000261b179a810 code [0x00000261b179aa80, 0x00000261b179b728]
Event: 2.386 Thread 0x00000261cc870c70 1198       3       sun.font.GlyphLayout$EngineRecord::layout (108 bytes)
Event: 2.386 Thread 0x00000261cc870c70 nmethod 1198 0x00000261b179bd10 code [0x00000261b179bec0, 0x00000261b179c0e8]
Event: 2.387 Thread 0x00000261cc870c70 1201       3       sun.font.AttributeValues::defineAll (35 bytes)
Event: 2.387 Thread 0x00000261cc870c70 nmethod 1201 0x00000261b179c210 code [0x00000261b179c3c0, 0x00000261b179c5a8]
Event: 2.387 Thread 0x00000261cc870c70 1200       3       sun.font.AttributeValues::setSize (13 bytes)
Event: 2.388 Thread 0x00000261cc870c70 nmethod 1200 0x00000261b179c690 code [0x00000261b179c840, 0x00000261b179c988]
Event: 2.397 Thread 0x00000261cc86f1b0 1202       4       sun.font.AttributeValues::update (72 bytes)
Event: 2.398 Thread 0x00000261cc86f1b0 nmethod 1202 0x00000261b8b62110 code [0x00000261b8b622a0, 0x00000261b8b623d8]
Event: 2.399 Thread 0x00000261cc86f1b0 1203       4       sun.font.AttributeValues::i_equals (481 bytes)
Event: 2.407 Thread 0x00000261cc86f1b0 nmethod 1203 0x00000261b8b62510 code [0x00000261b8b627e0, 0x00000261b8b633f8]
Event: 2.410 Thread 0x00000261cc870c70 1204       3       sun.font.Font2D::getFontMetrics (85 bytes)
Event: 2.411 Thread 0x00000261cc870c70 nmethod 1204 0x00000261b179ca10 code [0x00000261b179cc20, 0x00000261b179d3d8]
Event: 2.413 Thread 0x00000261cc870c70 1205       3       java.awt.Font::getItalicAngle (39 bytes)
Event: 2.414 Thread 0x00000261cc870c70 nmethod 1205 0x00000261b179d790 code [0x00000261b179d9a0, 0x00000261b179e058]
Event: 2.414 Thread 0x00000261cc870c70 1206       3       sun.font.CoreMetrics::<init> (74 bytes)
Event: 2.414 Thread 0x00000261cc870c70 nmethod 1206 0x00000261b179e210 code [0x00000261b179e3a0, 0x00000261b179e598]

GC Heap History (2 events):
Event: 1.279 GC heap before
{Heap before GC invocations=0 (full 0):
 garbage-first heap   total 260096K, used 20480K [0x0000000702c00000, 0x0000000800000000)
  region size 2048K, 11 young (22528K), 0 survivors (0K)
 Metaspace       used 7053K, capacity 7224K, committed 7552K, reserved 1056768K
  class space    used 747K, capacity 800K, committed 896K, reserved 1048576K
}
Event: 1.284 GC heap after
{Heap after GC invocations=1 (full 0):
 garbage-first heap   total 260096K, used 8376K [0x0000000702c00000, 0x0000000800000000)
  region size 2048K, 2 young (4096K), 2 survivors (4096K)
 Metaspace       used 7053K, capacity 7224K, committed 7552K, reserved 1056768K
  class space    used 747K, capacity 800K, committed 896K, reserved 1048576K
}

Deoptimization events (20 events):
Event: 1.231 Thread 0x00000261cda75d00 DEOPT PACKING pc=0x00000261b16c65b5 sp=0x0000009f9dafe890
Event: 1.231 Thread 0x00000261cda75d00 DEOPT UNPACKING pc=0x00000261b107e23f sp=0x0000009f9dafdd28 mode 0
Event: 1.231 Thread 0x00000261cda75d00 DEOPT PACKING pc=0x00000261b16c65b5 sp=0x0000009f9dafe890
Event: 1.231 Thread 0x00000261cda75d00 DEOPT UNPACKING pc=0x00000261b107e23f sp=0x0000009f9dafdd28 mode 0
Event: 1.232 Thread 0x00000261cda75d00 DEOPT PACKING pc=0x00000261b16c65b5 sp=0x0000009f9dafe890
Event: 1.232 Thread 0x00000261cda75d00 DEOPT UNPACKING pc=0x00000261b107e23f sp=0x0000009f9dafdd28 mode 0
Event: 1.232 Thread 0x00000261cda75d00 DEOPT PACKING pc=0x00000261b16c65b5 sp=0x0000009f9dafe890
Event: 1.232 Thread 0x00000261cda75d00 DEOPT UNPACKING pc=0x00000261b107e23f sp=0x0000009f9dafdd28 mode 0
Event: 1.232 Thread 0x00000261cda75d00 DEOPT PACKING pc=0x00000261b16c65b5 sp=0x0000009f9dafe890
Event: 1.232 Thread 0x00000261cda75d00 DEOPT UNPACKING pc=0x00000261b107e23f sp=0x0000009f9dafdd28 mode 0
Event: 1.232 Thread 0x00000261cda75d00 DEOPT PACKING pc=0x00000261b16c65b5 sp=0x0000009f9dafe890
Event: 1.232 Thread 0x00000261cda75d00 DEOPT UNPACKING pc=0x00000261b107e23f sp=0x0000009f9dafdd28 mode 0
Event: 1.232 Thread 0x00000261cda75d00 DEOPT PACKING pc=0x00000261b16c65b5 sp=0x0000009f9dafe890
Event: 1.232 Thread 0x00000261cda75d00 DEOPT UNPACKING pc=0x00000261b107e23f sp=0x0000009f9dafdd28 mode 0
Event: 1.232 Thread 0x00000261cda75d00 DEOPT PACKING pc=0x00000261b16c65b5 sp=0x0000009f9dafe890
Event: 1.232 Thread 0x00000261cda75d00 DEOPT UNPACKING pc=0x00000261b107e23f sp=0x0000009f9dafdd28 mode 0
Event: 1.259 Thread 0x00000261cda75d00 Uncommon trap: trap_request=0xffffff45 fr.pc=0x00000261b8b39cfc relative=0x000000000000007c
Event: 1.259 Thread 0x00000261cda75d00 Uncommon trap: reason=unstable_if action=reinterpret pc=0x00000261b8b39cfc method=java.lang.Math.round(F)I @ 23 c2
Event: 1.259 Thread 0x00000261cda75d00 DEOPT PACKING pc=0x00000261b8b39cfc sp=0x0000009f9dafe530
Event: 1.259 Thread 0x00000261cda75d00 DEOPT UNPACKING pc=0x00000261b107e42f sp=0x0000009f9dafe4b0 mode 2

Classes unloaded (0 events):
No events

Classes redefined (0 events):
No events

Internal exceptions (12 events):
Event: 0.834 Thread 0x00000261a8b2fe50 Exception <a 'java/lang/ClassNotFoundException'{0x0000000712638968}: sun/awt/resources/spi/awtProvider> (0x0000000712638968) 
thrown [./src/hotspot/share/classfile/systemDictionary.cpp, line 295]
Event: 0.856 Thread 0x00000261a8b2fe50 Exception <a 'java/io/FileNotFoundException'{0x000000071268c278}> (0x000000071268c278) 
thrown [./src/hotspot/share/prims/jni.cpp, line 578]
Event: 0.864 Thread 0x00000261a8b2fe50 Exception <a 'java/io/FileNotFoundException'{0x00000007126babb8}> (0x00000007126babb8) 
thrown [./src/hotspot/share/prims/jni.cpp, line 578]
Event: 0.864 Thread 0x00000261a8b2fe50 Exception <a 'java/lang/NoSuchMethodError'{0x00000007126bbe08}: 'java.lang.Object java.lang.invoke.DirectMethodHandle$Holder.invokeStatic(java.lang.Object)'> (0x00000007126bbe08) 
thrown [./src/hotspot/share/interpreter/linkResolver.cpp, line 782]
Event: 0.867 Thread 0x00000261a8b2fe50 Exception <a 'java/lang/NoSuchMethodError'{0x00000007126c3f98}: 'void java.lang.invoke.DirectMethodHandle$Holder.invokeSpecial(java.lang.Object, java.lang.Object, java.lang.Object)'> (0x00000007126c3f98) 
thrown [./src/hotspot/share/interpreter/linkResolver.cpp, line 782]
Event: 0.893 Thread 0x00000261a8b2fe50 Exception <a 'java/lang/NoSuchMethodError'{0x0000000712702fe8}: 'java.lang.Object java.lang.invoke.DirectMethodHandle$Holder.invokeStaticInit(java.lang.Object)'> (0x0000000712702fe8) 
thrown [./src/hotspot/share/interpreter/linkResolver.cpp, line 782]
Event: 1.044 Thread 0x00000261cda75d00 Exception <a 'java/lang/NoSuchMethodError'{0x00000007124c00f8}: 'java.lang.Object java.lang.invoke.DirectMethodHandle$Holder.newInvokeSpecial(java.lang.Object, java.lang.Object, java.lang.Object, java.lang.Object, java.lang.Object)'> (0x00000007124c00f8) 
thrown [./src/hotspot/share/interpreter/linkResolver.cpp, line 782]
Event: 1.046 Thread 0x00000261cda75d00 Exception <a 'java/lang/NoSuchMethodError'{0x00000007124cbb88}: 'java.lang.Object java.lang.invoke.DirectMethodHandle$Holder.invokeStatic(java.lang.Object, int, java.lang.Object, java.lang.Object, java.lang.Object, java.lang.Object)'> (0x00000007124cbb88) 
thrown [./src/hotspot/share/interpreter/linkResolver.cpp, line 782]
Event: 1.049 Thread 0x00000261cda75d00 Exception <a 'java/lang/NoSuchMethodError'{0x00000007124f20b0}: 'java.lang.Object java.lang.invoke.DirectMethodHandle$Holder.invokeStatic(java.lang.Object, int, java.lang.Object)'> (0x00000007124f20b0) 
thrown [./src/hotspot/share/interpreter/linkResolver.cpp, line 782]
Event: 1.068 Thread 0x00000261cda75d00 Exception <a 'java/lang/ClassNotFoundException'{0x00000007125ae910}: com/sun/swing/internal/plaf/metal/resources/spi/metalProvider> (0x00000007125ae910) 
thrown [./src/hotspot/share/classfile/systemDictionary.cpp, line 295]
Event: 1.069 Thread 0x00000261cda75d00 Exception <a 'java/lang/ClassNotFoundException'{0x00000007125b2d70}: com/sun/swing/internal/plaf/basic/resources/spi/basicProvider> (0x00000007125b2d70) 
thrown [./src/hotspot/share/classfile/systemDictionary.cpp, line 295]
Event: 1.083 Thread 0x00000261cda75d00 Exception <a 'java/lang/NoSuchMethodError'{0x00000007125cec18}: 'void java.lang.invoke.DirectMethodHandle$Holder.invokeStaticInit(java.lang.Object)'> (0x00000007125cec18) 
thrown [./src/hotspot/share/interpreter/linkResolver.cpp, line 782]

Events (20 events):
Event: 1.369 loading class java/awt/TextComponent
Event: 1.370 loading class java/awt/TextComponent done
Event: 1.370 loading class javax/swing/text/JTextComponent
Event: 1.370 loading class javax/swing/Scrollable
Event: 1.370 loading class javax/swing/Scrollable done
Event: 1.370 loading class javax/swing/text/JTextComponent done
Event: 1.370 loading class java/util/concurrent/locks/AbstractQueuedSynchronizer$ConditionNode
Event: 1.370 loading class java/util/concurrent/ForkJoinPool$ManagedBlocker
Event: 1.371 loading class java/util/concurrent/ForkJoinPool$ManagedBlocker done
Event: 1.371 loading class java/util/concurrent/locks/AbstractQueuedSynchronizer$ConditionNode done
Event: 1.602 Thread 0x00000261ce14ace0 Thread exited: 0x00000261ce14ace0
Event: 1.603 Thread 0x00000261ce14cd80 Thread exited: 0x00000261ce14cd80
Event: 2.307 Loaded shared library C:\Program Files\AdoptOpenJDK\jdk-15.0.2.7-hotspot\bin\java.dll
Event: 2.322 Loaded shared library C:\Program Files\AdoptOpenJDK\jdk-15.0.2.7-hotspot\bin\java.dll
Event: 2.367 Executing VM operation: HandshakeAllThreads
Event: 2.367 Executing VM operation: HandshakeAllThreads done
Event: 2.406 loading class jdk/internal/misc/Signal$1
Event: 2.407 loading class jdk/internal/misc/Signal$1 done
Event: 2.407 Thread 0x00000261ce199210 Thread added: 0x00000261ce199210
Event: 2.408 Thread 0x00000261ce198d40 Thread added: 0x00000261ce198d40


Dynamic libraries:
0x00007ff6be3c0000 - 0x00007ff6be3cd000 	C:\Program Files\AdoptOpenJDK\jdk-15.0.2.7-hotspot\bin\java.exe
0x00007ffcb8ff0000 - 0x00007ffcb9207000 	C:\WINDOWS\SYSTEM32\ntdll.dll
0x00007ffcb7980000 - 0x00007ffcb7a44000 	C:\WINDOWS\System32\KERNEL32.DLL
0x00007ffcb6560000 - 0x00007ffcb6931000 	C:\WINDOWS\System32\KERNELBASE.dll
0x00007ffcb6390000 - 0x00007ffcb64a1000 	C:\WINDOWS\System32\ucrtbase.dll
0x00007ffcb2c30000 - 0x00007ffcb2c48000 	C:\Program Files\AdoptOpenJDK\jdk-15.0.2.7-hotspot\bin\jli.dll
0x00007ffc9ddf0000 - 0x00007ffc9de05000 	C:\Program Files\AdoptOpenJDK\jdk-15.0.2.7-hotspot\bin\VCRUNTIME140.dll
0x00007ffcb88d0000 - 0x00007ffcb8a81000 	C:\WINDOWS\System32\USER32.dll
0x00007ffcb6940000 - 0x00007ffcb6966000 	C:\WINDOWS\System32\win32u.dll
0x00007ffc89f70000 - 0x00007ffc8a202000 	C:\WINDOWS\WinSxS\amd64_microsoft.windows.common-controls_6595b64144ccf1df_6.0.22621.4830_none_270fe7d773858e80\COMCTL32.dll
0x00007ffcb8c50000 - 0x00007ffcb8c79000 	C:\WINDOWS\System32\GDI32.dll
0x00007ffcb8a90000 - 0x00007ffcb8b37000 	C:\WINDOWS\System32\msvcrt.dll
0x00007ffcb6a30000 - 0x00007ffcb6b4b000 	C:\WINDOWS\System32\gdi32full.dll
0x00007ffcb62f0000 - 0x00007ffcb638a000 	C:\WINDOWS\System32\msvcp_win.dll
0x00007ffcb7940000 - 0x00007ffcb7971000 	C:\WINDOWS\System32\IMM32.DLL
0x00007ffc72b90000 - 0x00007ffc72c2b000 	C:\Program Files\AdoptOpenJDK\jdk-15.0.2.7-hotspot\bin\msvcp140.dll
0x00007ffc694d0000 - 0x00007ffc6a05f000 	C:\Program Files\AdoptOpenJDK\jdk-15.0.2.7-hotspot\bin\server\jvm.dll
0x00007ffcb8810000 - 0x00007ffcb88c1000 	C:\WINDOWS\System32\ADVAPI32.dll
0x00007ffcb73c0000 - 0x00007ffcb7467000 	C:\WINDOWS\System32\sechost.dll
0x00007ffcb6530000 - 0x00007ffcb6558000 	C:\WINDOWS\System32\bcrypt.dll
0x00007ffcb8e90000 - 0x00007ffcb8fa4000 	C:\WINDOWS\System32\RPCRT4.dll
0x00007ffcb7150000 - 0x00007ffcb7158000 	C:\WINDOWS\System32\PSAPI.DLL
0x00007ffca5830000 - 0x00007ffca5839000 	C:\WINDOWS\SYSTEM32\WSOCK32.dll
0x00007ffcaa480000 - 0x00007ffcaa4b4000 	C:\WINDOWS\SYSTEM32\WINMM.dll
0x00007ffcb0090000 - 0x00007ffcb009a000 	C:\WINDOWS\SYSTEM32\VERSION.dll
0x00007ffcb86f0000 - 0x00007ffcb8761000 	C:\WINDOWS\System32\WS2_32.dll
0x00007ffcb5180000 - 0x00007ffcb5198000 	C:\WINDOWS\SYSTEM32\kernel.appcore.dll
0x00007ffc9da30000 - 0x00007ffc9da3a000 	C:\Program Files\AdoptOpenJDK\jdk-15.0.2.7-hotspot\bin\jimage.dll
0x00007ffc9d740000 - 0x00007ffc9d972000 	C:\WINDOWS\SYSTEM32\DBGHELP.DLL
0x00007ffcb7a50000 - 0x00007ffcb7de0000 	C:\WINDOWS\System32\combase.dll
0x00007ffcb72e0000 - 0x00007ffcb73b7000 	C:\WINDOWS\System32\OLEAUT32.dll
0x00007ffc9d6d0000 - 0x00007ffc9d702000 	C:\WINDOWS\SYSTEM32\dbgcore.DLL
0x00007ffcb6130000 - 0x00007ffcb61ab000 	C:\WINDOWS\System32\bcryptPrimitives.dll
0x00007ffc972a0000 - 0x00007ffc972d8000 	C:\Program Files\AdoptOpenJDK\jdk-15.0.2.7-hotspot\bin\jdwp.dll
0x00007ffc81ff0000 - 0x00007ffc82015000 	C:\Program Files\AdoptOpenJDK\jdk-15.0.2.7-hotspot\bin\java.dll
0x00007ffcb7e60000 - 0x00007ffcb86e8000 	C:\WINDOWS\System32\SHELL32.dll
0x00007ffcb61b0000 - 0x00007ffcb62ef000 	C:\WINDOWS\System32\wintypes.dll
0x00007ffcb3fe0000 - 0x00007ffcb48ed000 	C:\WINDOWS\SYSTEM32\windows.storage.dll
0x00007ffcb8b40000 - 0x00007ffcb8c4a000 	C:\WINDOWS\System32\SHCORE.dll
0x00007ffcb8c80000 - 0x00007ffcb8cde000 	C:\WINDOWS\System32\shlwapi.dll
0x00007ffcb6060000 - 0x00007ffcb608b000 	C:\WINDOWS\SYSTEM32\profapi.dll
0x00007ffcb2c90000 - 0x00007ffcb2c9a000 	C:\Program Files\AdoptOpenJDK\jdk-15.0.2.7-hotspot\bin\dt_socket.dll
0x00007ffcb49e0000 - 0x00007ffcb4a0d000 	C:\WINDOWS\SYSTEM32\IPHLPAPI.DLL
0x00007ffcb55f0000 - 0x00007ffcb565a000 	C:\WINDOWS\system32\mswsock.dll
0x00007ffcb4a40000 - 0x00007ffcb4b42000 	C:\WINDOWS\SYSTEM32\DNSAPI.dll
0x00007ffcb76f0000 - 0x00007ffcb76f9000 	C:\WINDOWS\System32\NSI.dll
0x00007ffcafe80000 - 0x00007ffcafe8a000 	C:\Windows\System32\rasadhlp.dll
0x00007ffcb0f00000 - 0x00007ffcb0f83000 	C:\WINDOWS\System32\fwpuclnt.dll
0x00007ffc8ebe0000 - 0x00007ffc8ed78000 	C:\Program Files\AdoptOpenJDK\jdk-15.0.2.7-hotspot\bin\awt.dll
0x00007ffcb3200000 - 0x00007ffcb3297000 	C:\WINDOWS\SYSTEM32\apphelp.dll
0x00007ffcb3580000 - 0x00007ffcb3633000 	C:\WINDOWS\system32\uxtheme.dll
0x00007ffcb7180000 - 0x00007ffcb72dd000 	C:\WINDOWS\System32\MSCTF.dll
0x00007ffcb8ce0000 - 0x00007ffcb8e81000 	C:\WINDOWS\System32\ole32.dll
0x00007ffca9fe0000 - 0x00007ffcaa0e0000 	C:\WINDOWS\system32\opengl32.dll
0x00007ffca9c90000 - 0x00007ffca9cbd000 	C:\WINDOWS\SYSTEM32\GLU32.dll
0x00007ffcb3690000 - 0x00007ffcb36c7000 	C:\WINDOWS\SYSTEM32\dxcore.dll
0x00007ffcb37f0000 - 0x00007ffcb381b000 	C:\WINDOWS\system32\DWMAPI.DLL
0x00007ffcb28e0000 - 0x00007ffcb2929000 	C:\WINDOWS\SYSTEM32\directxdatabasehelper.dll
0x00007ffcb7810000 - 0x00007ffcb78c0000 	C:\WINDOWS\System32\clbcatq.dll
0x00007ffcaf3b0000 - 0x00007ffcaf4f4000 	C:\Windows\System32\AppXDeploymentClient.dll
0x00007ffc58660000 - 0x00007ffc5970c000 	C:\WINDOWS\System32\DriverStore\FileRepository\iigd_dch.inf_amd64_959d3d8d8ef6604f\ig9icd64.dll
0x00007ffcb36d0000 - 0x00007ffcb37c7000 	C:\WINDOWS\system32\dxgi.dll
0x00007ffc721d0000 - 0x00007ffc722fc000 	C:\WINDOWS\System32\DriverStore\FileRepository\iigd_dch.inf_amd64_959d3d8d8ef6604f\igdml64.dll
0x00007ffc9a4e0000 - 0x00007ffc9a8e9000 	C:\WINDOWS\System32\DriverStore\FileRepository\iigd_dch.inf_amd64_959d3d8d8ef6604f\igdgmm64.dll
0x00007ffc77950000 - 0x00007ffc7b0e6000 	C:\WINDOWS\System32\DriverStore\FileRepository\iigd_dch.inf_amd64_959d3d8d8ef6604f\igc64.dll
0x00007ffcb6000000 - 0x00007ffcb604d000 	C:\WINDOWS\SYSTEM32\powrprof.dll
0x00007ffcb5fe0000 - 0x00007ffcb5ff3000 	C:\WINDOWS\SYSTEM32\UMPDC.dll
0x00007ffca8130000 - 0x00007ffca81b2000 	C:\Program Files\AdoptOpenJDK\jdk-15.0.2.7-hotspot\bin\freetype.dll
0x00007ffc97850000 - 0x00007ffc978f6000 	C:\Program Files\AdoptOpenJDK\jdk-15.0.2.7-hotspot\bin\fontmanager.dll
0x00007ffc92850000 - 0x00007ffc92993000 	C:\WINDOWS\SYSTEM32\textinputframework.dll
0x00007ffc91690000 - 0x00007ffc916a9000 	C:\Program Files\AdoptOpenJDK\jdk-15.0.2.7-hotspot\bin\net.dll
0x00007ffcafac0000 - 0x00007ffcafbec000 	C:\WINDOWS\SYSTEM32\WINHTTP.dll
0x00007ffc8ae00000 - 0x00007ffc8ae12000 	C:\Program Files\AdoptOpenJDK\jdk-15.0.2.7-hotspot\bin\nio.dll
0x00007ffc7d3f0000 - 0x00007ffc7d408000 	C:\Program Files\AdoptOpenJDK\jdk-15.0.2.7-hotspot\bin\zip.dll
0x00007ffcb2af0000 - 0x00007ffcb2c25000 	C:\WINDOWS\System32\CoreMessaging.dll

dbghelp: loaded successfully - version: 4.0.5 - missing functions: none
symbol engine: initialized successfully - sym options: 0x614 - pdb path: .;C:\Program Files\AdoptOpenJDK\jdk-15.0.2.7-hotspot\bin;C:\WINDOWS\SYSTEM32;C:\WINDOWS\WinSxS\amd64_microsoft.windows.common-controls_6595b64144ccf1df_6.0.22621.4830_none_270fe7d773858e80;C:\Program Files\AdoptOpenJDK\jdk-15.0.2.7-hotspot\bin\server;C:\WINDOWS\System32\DriverStore\FileRepository\iigd_dch.inf_amd64_959d3d8d8ef6604f

VM Arguments:
jvm_args: -agentlib:jdwp=transport=dt_socket,server=n,suspend=y,address=localhost:55087 -XX:+ShowCodeDetailsInExceptionMessages -Dfile.encoding=UTF-8 
java_command: Main
java_class_path (initial): C:\Users\dylanlevy26\AppData\Roaming\Code\User\workspaceStorage\fe9d8783f137162bb57e80bf46acd9fa\redhat.java\jdt_ws\GameProject_9d18782d\bin
Launcher Type: SUN_STANDARD

[Global flags]
     intx CICompilerCount                          = 4                                         {product} {ergonomic}
     uint ConcGCThreads                            = 3                                         {product} {ergonomic}
     uint G1ConcRefinementThreads                  = 10                                        {product} {ergonomic}
   size_t G1HeapRegionSize                         = 2097152                                   {product} {ergonomic}
    uintx GCDrainStackTargetSize                   = 64                                        {product} {ergonomic}
   size_t InitialHeapSize                          = 266338304                                 {product} {ergonomic}
   size_t MarkStackSize                            = 4194304                                   {product} {ergonomic}
   size_t MaxHeapSize                              = 4248829952                                {product} {ergonomic}
   size_t MaxNewSize                               = 2548039680                                {product} {ergonomic}
   size_t MinHeapDeltaBytes                        = 2097152                                   {product} {ergonomic}
   size_t MinHeapSize                              = 8388608                                   {product} {ergonomic}
    uintx NonNMethodCodeHeapSize                   = 5839372                                {pd product} {ergonomic}
    uintx NonProfiledCodeHeapSize                  = 122909434                              {pd product} {ergonomic}
    uintx ProfiledCodeHeapSize                     = 122909434                              {pd product} {ergonomic}
    uintx ReservedCodeCacheSize                    = 251658240                              {pd product} {ergonomic}
     bool SegmentedCodeCache                       = true                                      {product} {ergonomic}
     bool ShowCodeDetailsInExceptionMessages       = true                                   {manageable} {command line}
   size_t SoftMaxHeapSize                          = 4248829952                             {manageable} {ergonomic}
     bool UseCompressedClassPointers               = true                                 {lp64_product} {ergonomic}
     bool UseCompressedOops                        = true                                 {lp64_product} {ergonomic}
     bool UseG1GC                                  = true                                      {product} {ergonomic}
     bool UseLargePagesIndividualAllocation        = false                                  {pd product} {ergonomic}

Logging:
Log output configuration:
 #0: stdout all=warning uptime,level,tags
 #1: stderr all=off uptime,level,tags

Environment Variables:
PATH=C:\Program Files\AdoptOpenJDK\jdk-15.0.2.7-hotspot\bin;C:\Program Files\Common Files\Oracle\Java\javapath;C:\Program Files (x86)\Common Files\Oracle\Java\javapath;C:\WINDOWS\system32;C:\WINDOWS;C:\WINDOWS\System32\Wbem;C:\WINDOWS\System32\WindowsPowerShell\v1.0\;C:\WINDOWS\System32\OpenSSH\;C:\Program Files\Microsoft VS Code\bin;C:\Program Files\dotnet\;C:\Program Files\Microsoft SQL Server\130\Tools\Binn\;C:\Program Files\Microsoft SQL Server\Client SDK\ODBC\170\Tools\Binn\;C:\Program Files\Git\cmd;C:\Program Files (x86)\Common Files\Acronis\SnapAPI\;C:\Users\Administrator\AppData\Local\Programs\Python\Python39\Scripts\;C:\Users\Administrator\AppData\Local\Programs\Python\Python39\;C:\Users\dylanlevy26\AppData\Local\Microsoft\WindowsApps;C:\Users\Administrator\AppData\Local\GitHubDesktop\bin;C:\Program Files\JetBrains\IntelliJ IDEA Community Edition 2021.1.1\bin;;C:\Users\dylanlevy26\.dotnet\tools;
USERNAME=dylanlevy26
LANG=en_US.UTF-8
OS=Windows_NT
PROCESSOR_IDENTIFIER=Intel64 Family 6 Model 158 Stepping 10, GenuineIntel



---------------  S Y S T E M  ---------------

OS:
 Windows 10 , 64 bit Build 22621 (10.0.22621.4974)
OS uptime: 0 days 4:16 hours

CPU: total 12 (initial active 12) (6 cores per cpu, 2 threads per core) family 6 model 158 stepping 10 microcode 0xf8, cmov, cx8, fxsr, mmx, sse, sse2, sse3, ssse3, sse4.1, sse4.2, popcnt, vzeroupper, avx, avx2, aes, clmul, erms, rtm, 3dnowpref, lzcnt, ht, tsc, tscinvbit, bmi1, bmi2, adx, fma, clflush, clflushopt

Memory: 4k page, system-wide physical 16207M (5290M free)
TotalPageFile size 18639M (AvailPageFile size 5715M)
current process WorkingSet (physical memory assigned to process): 159M, peak: 163M
current process commit charge ("private bytes"): 396M, peak: 398M

vm_info: OpenJDK 64-Bit Server VM (15.0.2+7) for windows-amd64 JRE (15.0.2+7), built on Jan 21 2021 05:54:57 by "" with MS VC++ 15.9 (VS2017)

END.
